{"C:\\Users\\geeth\\Git Repo\\flexpath-final\\frontend\\src\\components\\Navbar.jsx": {"path":"C:\\Users\\geeth\\Git Repo\\flexpath-final\\frontend\\src\\components\\Navbar.jsx","statementMap":{"0":{"start":{"line":5,"column":19},"end":{"line":5,"column":32}},"1":{"start":{"line":6,"column":16},"end":{"line":6,"column":45}},"2":{"start":{"line":7,"column":16},"end":{"line":7,"column":21}},"3":{"start":{"line":8,"column":2},"end":{"line":17,"column":3}},"4":{"start":{"line":9,"column":4},"end":{"line":16,"column":5}},"5":{"start":{"line":10,"column":28},"end":{"line":10,"column":47}},"6":{"start":{"line":11,"column":29},"end":{"line":11,"column":60}},"7":{"start":{"line":12,"column":6},"end":{"line":12,"column":63}},"8":{"start":{"line":13,"column":23},"end":{"line":13,"column":71}},"9":{"start":{"line":15,"column":6},"end":{"line":15,"column":50}},"10":{"start":{"line":18,"column":23},"end":{"line":21,"column":3}},"11":{"start":{"line":19,"column":4},"end":{"line":19,"column":37}},"12":{"start":{"line":20,"column":4},"end":{"line":20,"column":23}},"13":{"start":{"line":23,"column":2},"end":{"line":53,"column":4}}},"fnMap":{"0":{"name":"Navbar","decl":{"start":{"line":4,"column":24},"end":{"line":4,"column":30}},"loc":{"start":{"line":4,"column":33},"end":{"line":54,"column":1}},"line":4},"1":{"name":"(anonymous_1)","decl":{"start":{"line":18,"column":23},"end":{"line":18,"column":24}},"loc":{"start":{"line":18,"column":29},"end":{"line":21,"column":3}},"line":18}},"branchMap":{"0":{"loc":{"start":{"line":8,"column":2},"end":{"line":17,"column":3}},"type":"if","locations":[{"start":{"line":8,"column":2},"end":{"line":17,"column":3}},{"start":{},"end":{}}],"line":8},"1":{"loc":{"start":{"line":13,"column":23},"end":{"line":13,"column":71}},"type":"binary-expr","locations":[{"start":{"line":13,"column":23},"end":{"line":13,"column":42}},{"start":{"line":13,"column":44},"end":{"line":13,"column":67}},{"start":{"line":13,"column":69},"end":{"line":13,"column":71}}],"line":13},"2":{"loc":{"start":{"line":27,"column":11},"end":{"line":48,"column":11}},"type":"binary-expr","locations":[{"start":{"line":27,"column":11},"end":{"line":27,"column":16}},{"start":{"line":28,"column":12},"end":{"line":47,"column":15}}],"line":27},"3":{"loc":{"start":{"line":35,"column":15},"end":{"line":39,"column":15}},"type":"binary-expr","locations":[{"start":{"line":35,"column":15},"end":{"line":35,"column":22}},{"start":{"line":36,"column":16},"end":{"line":38,"column":23}}],"line":35}},"s":{"0":5,"1":5,"2":5,"3":5,"4":4,"5":4,"6":4,"7":3,"8":3,"9":1,"10":5,"11":1,"12":1,"13":5},"f":{"0":5,"1":1},"b":{"0":[4,1],"1":[3,3,3],"2":[5,4],"3":[4,2]},"_coverageSchema":"1a1c01bbd47fc00a2c39e90264f33305004495a9","hash":"9cee5da1012d004e35452ea35f5a37d42e249a8f"}
,"C:\\Users\\geeth\\Git Repo\\flexpath-final\\frontend\\src\\pages\\DashboardPage.jsx": {"path":"C:\\Users\\geeth\\Git Repo\\flexpath-final\\frontend\\src\\pages\\DashboardPage.jsx","statementMap":{"0":{"start":{"line":5,"column":42},"end":{"line":5,"column":54}},"1":{"start":{"line":6,"column":30},"end":{"line":6,"column":42}},"2":{"start":{"line":7,"column":32},"end":{"line":7,"column":46}},"3":{"start":{"line":8,"column":38},"end":{"line":8,"column":50}},"4":{"start":{"line":9,"column":34},"end":{"line":9,"column":46}},"5":{"start":{"line":10,"column":36},"end":{"line":10,"column":50}},"6":{"start":{"line":11,"column":40},"end":{"line":11,"column":52}},"7":{"start":{"line":12,"column":18},"end":{"line":12,"column":22}},"8":{"start":{"line":15,"column":28},"end":{"line":15,"column":40}},"9":{"start":{"line":16,"column":26},"end":{"line":16,"column":45}},"10":{"start":{"line":17,"column":40},"end":{"line":17,"column":52}},"11":{"start":{"line":18,"column":38},"end":{"line":18,"column":57}},"12":{"start":{"line":19,"column":26},"end":{"line":19,"column":38}},"13":{"start":{"line":20,"column":36},"end":{"line":20,"column":48}},"14":{"start":{"line":21,"column":28},"end":{"line":21,"column":40}},"15":{"start":{"line":24,"column":50},"end":{"line":24,"column":62}},"16":{"start":{"line":25,"column":40},"end":{"line":25,"column":55}},"17":{"start":{"line":26,"column":23},"end":{"line":26,"column":35}},"18":{"start":{"line":28,"column":23},"end":{"line":28,"column":31}},"19":{"start":{"line":29,"column":54},"end":{"line":29,"column":66}},"20":{"start":{"line":33,"column":2},"end":{"line":35,"column":9}},"21":{"start":{"line":34,"column":4},"end":{"line":34,"column":16}},"22":{"start":{"line":37,"column":20},"end":{"line":51,"column":3}},"23":{"start":{"line":38,"column":4},"end":{"line":50,"column":5}},"24":{"start":{"line":39,"column":20},"end":{"line":39,"column":49}},"25":{"start":{"line":40,"column":36},"end":{"line":43,"column":8}},"26":{"start":{"line":44,"column":6},"end":{"line":44,"column":37}},"27":{"start":{"line":45,"column":6},"end":{"line":45,"column":32}},"28":{"start":{"line":47,"column":6},"end":{"line":47,"column":49}},"29":{"start":{"line":49,"column":6},"end":{"line":49,"column":24}},"30":{"start":{"line":53,"column":24},"end":{"line":62,"column":3}},"31":{"start":{"line":54,"column":4},"end":{"line":54,"column":17}},"32":{"start":{"line":55,"column":4},"end":{"line":55,"column":23}},"33":{"start":{"line":56,"column":4},"end":{"line":56,"column":23}},"34":{"start":{"line":57,"column":4},"end":{"line":57,"column":29}},"35":{"start":{"line":58,"column":4},"end":{"line":58,"column":16}},"36":{"start":{"line":59,"column":4},"end":{"line":59,"column":21}},"37":{"start":{"line":60,"column":4},"end":{"line":60,"column":17}},"38":{"start":{"line":61,"column":4},"end":{"line":61,"column":23}},"39":{"start":{"line":64,"column":27},"end":{"line":83,"column":3}},"40":{"start":{"line":65,"column":4},"end":{"line":65,"column":23}},"41":{"start":{"line":66,"column":4},"end":{"line":82,"column":5}},"42":{"start":{"line":67,"column":20},"end":{"line":67,"column":49}},"43":{"start":{"line":68,"column":21},"end":{"line":68,"column":70}},"44":{"start":{"line":69,"column":19},"end":{"line":69,"column":98}},"45":{"start":{"line":71,"column":6},"end":{"line":75,"column":7}},"46":{"start":{"line":72,"column":8},"end":{"line":72,"column":84}},"47":{"start":{"line":74,"column":8},"end":{"line":74,"column":55}},"48":{"start":{"line":77,"column":6},"end":{"line":77,"column":71}},"49":{"start":{"line":78,"column":6},"end":{"line":78,"column":22}},"50":{"start":{"line":79,"column":6},"end":{"line":79,"column":18}},"51":{"start":{"line":81,"column":6},"end":{"line":81,"column":47}},"52":{"start":{"line":85,"column":25},"end":{"line":96,"column":3}},"53":{"start":{"line":86,"column":17},"end":{"line":86,"column":36}},"54":{"start":{"line":87,"column":4},"end":{"line":87,"column":25}},"55":{"start":{"line":88,"column":4},"end":{"line":88,"column":23}},"56":{"start":{"line":89,"column":4},"end":{"line":89,"column":37}},"57":{"start":{"line":90,"column":4},"end":{"line":90,"column":35}},"58":{"start":{"line":91,"column":4},"end":{"line":91,"column":23}},"59":{"start":{"line":92,"column":4},"end":{"line":92,"column":33}},"60":{"start":{"line":93,"column":4},"end":{"line":93,"column":35}},"61":{"start":{"line":94,"column":4},"end":{"line":94,"column":24}},"62":{"start":{"line":95,"column":4},"end":{"line":95,"column":60}},"63":{"start":{"line":98,"column":27},"end":{"line":117,"column":3}},"64":{"start":{"line":99,"column":17},"end":{"line":99,"column":36}},"65":{"start":{"line":100,"column":4},"end":{"line":100,"column":59}},"66":{"start":{"line":100,"column":52},"end":{"line":100,"column":59}},"67":{"start":{"line":102,"column":4},"end":{"line":102,"column":34}},"68":{"start":{"line":103,"column":4},"end":{"line":103,"column":64}},"69":{"start":{"line":103,"column":28},"end":{"line":103,"column":62}},"70":{"start":{"line":103,"column":45},"end":{"line":103,"column":61}},"71":{"start":{"line":104,"column":4},"end":{"line":104,"column":25}},"72":{"start":{"line":106,"column":4},"end":{"line":116,"column":13}},"73":{"start":{"line":107,"column":20},"end":{"line":107,"column":49}},"74":{"start":{"line":108,"column":6},"end":{"line":113,"column":7}},"75":{"start":{"line":109,"column":8},"end":{"line":109,"column":105}},"76":{"start":{"line":111,"column":8},"end":{"line":111,"column":44}},"77":{"start":{"line":112,"column":8},"end":{"line":112,"column":20}},"78":{"start":{"line":114,"column":6},"end":{"line":114,"column":28}},"79":{"start":{"line":115,"column":6},"end":{"line":115,"column":32}},"80":{"start":{"line":119,"column":27},"end":{"line":141,"column":3}},"81":{"start":{"line":120,"column":26},"end":{"line":120,"column":78}},"82":{"start":{"line":120,"column":51},"end":{"line":120,"column":77}},"83":{"start":{"line":121,"column":4},"end":{"line":121,"column":98}},"84":{"start":{"line":121,"column":91},"end":{"line":121,"column":98}},"85":{"start":{"line":123,"column":4},"end":{"line":123,"column":41}},"86":{"start":{"line":124,"column":4},"end":{"line":124,"column":75}},"87":{"start":{"line":124,"column":28},"end":{"line":124,"column":73}},"88":{"start":{"line":124,"column":45},"end":{"line":124,"column":72}},"89":{"start":{"line":125,"column":4},"end":{"line":125,"column":23}},"90":{"start":{"line":126,"column":4},"end":{"line":126,"column":25}},"91":{"start":{"line":128,"column":4},"end":{"line":140,"column":13}},"92":{"start":{"line":129,"column":20},"end":{"line":129,"column":49}},"93":{"start":{"line":130,"column":6},"end":{"line":137,"column":7}},"94":{"start":{"line":131,"column":8},"end":{"line":133,"column":11}},"95":{"start":{"line":132,"column":10},"end":{"line":132,"column":100}},"96":{"start":{"line":135,"column":8},"end":{"line":135,"column":49}},"97":{"start":{"line":136,"column":8},"end":{"line":136,"column":20}},"98":{"start":{"line":138,"column":6},"end":{"line":138,"column":28}},"99":{"start":{"line":139,"column":6},"end":{"line":139,"column":32}},"100":{"start":{"line":142,"column":21},"end":{"line":147,"column":3}},"101":{"start":{"line":143,"column":4},"end":{"line":143,"column":39}},"102":{"start":{"line":144,"column":4},"end":{"line":144,"column":62}},"103":{"start":{"line":144,"column":28},"end":{"line":144,"column":60}},"104":{"start":{"line":145,"column":4},"end":{"line":145,"column":30}},"105":{"start":{"line":146,"column":4},"end":{"line":146,"column":26}},"106":{"start":{"line":150,"column":23},"end":{"line":165,"column":3}},"107":{"start":{"line":151,"column":4},"end":{"line":151,"column":41}},"108":{"start":{"line":151,"column":34},"end":{"line":151,"column":41}},"109":{"start":{"line":152,"column":4},"end":{"line":164,"column":5}},"110":{"start":{"line":153,"column":20},"end":{"line":153,"column":49}},"111":{"start":{"line":154,"column":18},"end":{"line":157,"column":8}},"112":{"start":{"line":158,"column":6},"end":{"line":158,"column":32}},"113":{"start":{"line":160,"column":6},"end":{"line":160,"column":43}},"114":{"start":{"line":162,"column":6},"end":{"line":162,"column":22}},"115":{"start":{"line":163,"column":6},"end":{"line":163,"column":24}},"116":{"start":{"line":167,"column":2},"end":{"line":338,"column":4}},"117":{"start":{"line":174,"column":85},"end":{"line":174,"column":112}},"118":{"start":{"line":184,"column":31},"end":{"line":184,"column":60}},"119":{"start":{"line":219,"column":39},"end":{"line":219,"column":112}},"120":{"start":{"line":219,"column":98},"end":{"line":219,"column":105}},"121":{"start":{"line":224,"column":18},"end":{"line":224,"column":44}},"122":{"start":{"line":231,"column":18},"end":{"line":258,"column":23}},"123":{"start":{"line":238,"column":28},"end":{"line":240,"column":30}},"124":{"start":{"line":239,"column":30},"end":{"line":239,"column":109}},"125":{"start":{"line":239,"column":73},"end":{"line":239,"column":87}},"126":{"start":{"line":253,"column":93},"end":{"line":253,"column":114}},"127":{"start":{"line":255,"column":89},"end":{"line":255,"column":112}},"128":{"start":{"line":284,"column":18},"end":{"line":294,"column":24}},"129":{"start":{"line":291,"column":39},"end":{"line":291,"column":63}},"130":{"start":{"line":299,"column":92},"end":{"line":299,"column":116}},"131":{"start":{"line":302,"column":22},"end":{"line":302,"column":77}},"132":{"start":{"line":309,"column":90},"end":{"line":309,"column":113}},"133":{"start":{"line":311,"column":22},"end":{"line":311,"column":54}},"134":{"start":{"line":318,"column":102},"end":{"line":318,"column":131}},"135":{"start":{"line":326,"column":102},"end":{"line":326,"column":125}}},"fnMap":{"0":{"name":"DashboardPage","decl":{"start":{"line":4,"column":24},"end":{"line":4,"column":37}},"loc":{"start":{"line":4,"column":40},"end":{"line":339,"column":1}},"line":4},"1":{"name":"(anonymous_1)","decl":{"start":{"line":33,"column":12},"end":{"line":33,"column":13}},"loc":{"start":{"line":33,"column":18},"end":{"line":35,"column":3}},"line":33},"2":{"name":"(anonymous_2)","decl":{"start":{"line":37,"column":20},"end":{"line":37,"column":21}},"loc":{"start":{"line":37,"column":32},"end":{"line":51,"column":3}},"line":37},"3":{"name":"(anonymous_3)","decl":{"start":{"line":53,"column":24},"end":{"line":53,"column":25}},"loc":{"start":{"line":53,"column":30},"end":{"line":62,"column":3}},"line":53},"4":{"name":"(anonymous_4)","decl":{"start":{"line":64,"column":27},"end":{"line":64,"column":28}},"loc":{"start":{"line":64,"column":40},"end":{"line":83,"column":3}},"line":64},"5":{"name":"(anonymous_5)","decl":{"start":{"line":85,"column":25},"end":{"line":85,"column":26}},"loc":{"start":{"line":85,"column":36},"end":{"line":96,"column":3}},"line":85},"6":{"name":"(anonymous_6)","decl":{"start":{"line":98,"column":27},"end":{"line":98,"column":28}},"loc":{"start":{"line":98,"column":38},"end":{"line":117,"column":3}},"line":98},"7":{"name":"(anonymous_7)","decl":{"start":{"line":103,"column":20},"end":{"line":103,"column":21}},"loc":{"start":{"line":103,"column":28},"end":{"line":103,"column":62}},"line":103},"8":{"name":"(anonymous_8)","decl":{"start":{"line":103,"column":40},"end":{"line":103,"column":41}},"loc":{"start":{"line":103,"column":45},"end":{"line":103,"column":61}},"line":103},"9":{"name":"(anonymous_9)","decl":{"start":{"line":106,"column":38},"end":{"line":106,"column":39}},"loc":{"start":{"line":106,"column":50},"end":{"line":116,"column":5}},"line":106},"10":{"name":"(anonymous_10)","decl":{"start":{"line":119,"column":27},"end":{"line":119,"column":28}},"loc":{"start":{"line":119,"column":33},"end":{"line":141,"column":3}},"line":119},"11":{"name":"(anonymous_11)","decl":{"start":{"line":120,"column":46},"end":{"line":120,"column":47}},"loc":{"start":{"line":120,"column":51},"end":{"line":120,"column":77}},"line":120},"12":{"name":"(anonymous_12)","decl":{"start":{"line":124,"column":20},"end":{"line":124,"column":21}},"loc":{"start":{"line":124,"column":28},"end":{"line":124,"column":73}},"line":124},"13":{"name":"(anonymous_13)","decl":{"start":{"line":124,"column":40},"end":{"line":124,"column":41}},"loc":{"start":{"line":124,"column":45},"end":{"line":124,"column":72}},"line":124},"14":{"name":"(anonymous_14)","decl":{"start":{"line":128,"column":38},"end":{"line":128,"column":39}},"loc":{"start":{"line":128,"column":50},"end":{"line":140,"column":5}},"line":128},"15":{"name":"(anonymous_15)","decl":{"start":{"line":131,"column":44},"end":{"line":131,"column":45}},"loc":{"start":{"line":132,"column":10},"end":{"line":132,"column":100}},"line":132},"16":{"name":"(anonymous_16)","decl":{"start":{"line":142,"column":21},"end":{"line":142,"column":22}},"loc":{"start":{"line":142,"column":27},"end":{"line":147,"column":3}},"line":142},"17":{"name":"(anonymous_17)","decl":{"start":{"line":144,"column":20},"end":{"line":144,"column":21}},"loc":{"start":{"line":144,"column":28},"end":{"line":144,"column":60}},"line":144},"18":{"name":"(anonymous_18)","decl":{"start":{"line":150,"column":23},"end":{"line":150,"column":24}},"loc":{"start":{"line":150,"column":35},"end":{"line":165,"column":3}},"line":150},"19":{"name":"(anonymous_19)","decl":{"start":{"line":174,"column":78},"end":{"line":174,"column":79}},"loc":{"start":{"line":174,"column":85},"end":{"line":174,"column":112}},"line":174},"20":{"name":"(anonymous_20)","decl":{"start":{"line":184,"column":24},"end":{"line":184,"column":25}},"loc":{"start":{"line":184,"column":31},"end":{"line":184,"column":60}},"line":184},"21":{"name":"(anonymous_21)","decl":{"start":{"line":219,"column":32},"end":{"line":219,"column":33}},"loc":{"start":{"line":219,"column":39},"end":{"line":219,"column":112}},"line":219},"22":{"name":"(anonymous_22)","decl":{"start":{"line":219,"column":90},"end":{"line":219,"column":91}},"loc":{"start":{"line":219,"column":98},"end":{"line":219,"column":105}},"line":219},"23":{"name":"(anonymous_23)","decl":{"start":{"line":223,"column":110},"end":{"line":223,"column":111}},"loc":{"start":{"line":224,"column":18},"end":{"line":224,"column":44}},"line":224},"24":{"name":"(anonymous_24)","decl":{"start":{"line":230,"column":33},"end":{"line":230,"column":34}},"loc":{"start":{"line":231,"column":18},"end":{"line":258,"column":23}},"line":231},"25":{"name":"(anonymous_25)","decl":{"start":{"line":237,"column":36},"end":{"line":237,"column":37}},"loc":{"start":{"line":237,"column":42},"end":{"line":241,"column":27}},"line":237},"26":{"name":"(anonymous_26)","decl":{"start":{"line":238,"column":43},"end":{"line":238,"column":44}},"loc":{"start":{"line":239,"column":30},"end":{"line":239,"column":109}},"line":239},"27":{"name":"(anonymous_27)","decl":{"start":{"line":239,"column":67},"end":{"line":239,"column":68}},"loc":{"start":{"line":239,"column":73},"end":{"line":239,"column":87}},"line":239},"28":{"name":"(anonymous_28)","decl":{"start":{"line":253,"column":87},"end":{"line":253,"column":88}},"loc":{"start":{"line":253,"column":93},"end":{"line":253,"column":114}},"line":253},"29":{"name":"(anonymous_29)","decl":{"start":{"line":255,"column":83},"end":{"line":255,"column":84}},"loc":{"start":{"line":255,"column":89},"end":{"line":255,"column":112}},"line":255},"30":{"name":"(anonymous_30)","decl":{"start":{"line":283,"column":22},"end":{"line":283,"column":23}},"loc":{"start":{"line":284,"column":18},"end":{"line":294,"column":24}},"line":284},"31":{"name":"(anonymous_31)","decl":{"start":{"line":291,"column":32},"end":{"line":291,"column":33}},"loc":{"start":{"line":291,"column":39},"end":{"line":291,"column":63}},"line":291},"32":{"name":"(anonymous_32)","decl":{"start":{"line":299,"column":85},"end":{"line":299,"column":86}},"loc":{"start":{"line":299,"column":92},"end":{"line":299,"column":116}},"line":299},"33":{"name":"(anonymous_33)","decl":{"start":{"line":301,"column":32},"end":{"line":301,"column":33}},"loc":{"start":{"line":302,"column":22},"end":{"line":302,"column":77}},"line":302},"34":{"name":"(anonymous_34)","decl":{"start":{"line":309,"column":83},"end":{"line":309,"column":84}},"loc":{"start":{"line":309,"column":90},"end":{"line":309,"column":113}},"line":309},"35":{"name":"(anonymous_35)","decl":{"start":{"line":310,"column":65},"end":{"line":310,"column":66}},"loc":{"start":{"line":311,"column":22},"end":{"line":311,"column":54}},"line":311},"36":{"name":"(anonymous_36)","decl":{"start":{"line":318,"column":95},"end":{"line":318,"column":96}},"loc":{"start":{"line":318,"column":102},"end":{"line":318,"column":131}},"line":318},"37":{"name":"(anonymous_37)","decl":{"start":{"line":326,"column":95},"end":{"line":326,"column":96}},"loc":{"start":{"line":326,"column":102},"end":{"line":326,"column":125}},"line":326}},"branchMap":{"0":{"loc":{"start":{"line":71,"column":6},"end":{"line":75,"column":7}},"type":"if","locations":[{"start":{"line":71,"column":6},"end":{"line":75,"column":7}},{"start":{"line":73,"column":13},"end":{"line":75,"column":7}}],"line":71},"1":{"loc":{"start":{"line":93,"column":13},"end":{"line":93,"column":33}},"type":"binary-expr","locations":[{"start":{"line":93,"column":13},"end":{"line":93,"column":27}},{"start":{"line":93,"column":31},"end":{"line":93,"column":33}}],"line":93},"2":{"loc":{"start":{"line":100,"column":4},"end":{"line":100,"column":59}},"type":"if","locations":[{"start":{"line":100,"column":4},"end":{"line":100,"column":59}},{"start":{},"end":{}}],"line":100},"3":{"loc":{"start":{"line":121,"column":4},"end":{"line":121,"column":98}},"type":"if","locations":[{"start":{"line":121,"column":4},"end":{"line":121,"column":98}},{"start":{},"end":{}}],"line":121},"4":{"loc":{"start":{"line":121,"column":8},"end":{"line":121,"column":89}},"type":"binary-expr","locations":[{"start":{"line":121,"column":8},"end":{"line":121,"column":29}},{"start":{"line":121,"column":33},"end":{"line":121,"column":89}}],"line":121},"5":{"loc":{"start":{"line":151,"column":4},"end":{"line":151,"column":41}},"type":"if","locations":[{"start":{"line":151,"column":4},"end":{"line":151,"column":41}},{"start":{},"end":{}}],"line":151},"6":{"loc":{"start":{"line":151,"column":8},"end":{"line":151,"column":32}},"type":"binary-expr","locations":[{"start":{"line":151,"column":8},"end":{"line":151,"column":17}},{"start":{"line":151,"column":21},"end":{"line":151,"column":32}}],"line":151},"7":{"loc":{"start":{"line":187,"column":91},"end":{"line":187,"column":115}},"type":"binary-expr","locations":[{"start":{"line":187,"column":91},"end":{"line":187,"column":100}},{"start":{"line":187,"column":104},"end":{"line":187,"column":115}}],"line":187},"8":{"loc":{"start":{"line":195,"column":9},"end":{"line":201,"column":9}},"type":"binary-expr","locations":[{"start":{"line":195,"column":9},"end":{"line":195,"column":16}},{"start":{"line":195,"column":20},"end":{"line":195,"column":42}},{"start":{"line":196,"column":10},"end":{"line":200,"column":16}}],"line":195},"9":{"loc":{"start":{"line":203,"column":9},"end":{"line":208,"column":9}},"type":"binary-expr","locations":[{"start":{"line":203,"column":9},"end":{"line":203,"column":20}},{"start":{"line":204,"column":8},"end":{"line":207,"column":16}}],"line":203},"10":{"loc":{"start":{"line":214,"column":17},"end":{"line":222,"column":17}},"type":"binary-expr","locations":[{"start":{"line":214,"column":17},"end":{"line":214,"column":24}},{"start":{"line":215,"column":18},"end":{"line":221,"column":23}}],"line":214},"11":{"loc":{"start":{"line":218,"column":31},"end":{"line":218,"column":100}},"type":"binary-expr","locations":[{"start":{"line":218,"column":31},"end":{"line":218,"column":73}},{"start":{"line":218,"column":77},"end":{"line":218,"column":100}}],"line":218},"12":{"loc":{"start":{"line":219,"column":54},"end":{"line":219,"column":111}},"type":"cond-expr","locations":[{"start":{"line":219,"column":73},"end":{"line":219,"column":106}},{"start":{"line":219,"column":109},"end":{"line":219,"column":111}}],"line":219},"13":{"loc":{"start":{"line":229,"column":15},"end":{"line":266,"column":15}},"type":"cond-expr","locations":[{"start":{"line":230,"column":16},"end":{"line":259,"column":18}},{"start":{"line":261,"column":16},"end":{"line":265,"column":21}}],"line":229},"14":{"loc":{"start":{"line":232,"column":21},"end":{"line":244,"column":21}},"type":"binary-expr","locations":[{"start":{"line":232,"column":21},"end":{"line":232,"column":28}},{"start":{"line":233,"column":22},"end":{"line":243,"column":27}}],"line":232},"15":{"loc":{"start":{"line":239,"column":30},"end":{"line":239,"column":109}},"type":"cond-expr","locations":[{"start":{"line":239,"column":55},"end":{"line":239,"column":88}},{"start":{"line":239,"column":91},"end":{"line":239,"column":109}}],"line":239},"16":{"loc":{"start":{"line":249,"column":25},"end":{"line":249,"column":83}},"type":"cond-expr","locations":[{"start":{"line":249,"column":37},"end":{"line":249,"column":77}},{"start":{"line":249,"column":80},"end":{"line":249,"column":83}}],"line":249},"17":{"loc":{"start":{"line":251,"column":25},"end":{"line":251,"column":48}},"type":"binary-expr","locations":[{"start":{"line":251,"column":25},"end":{"line":251,"column":41}},{"start":{"line":251,"column":45},"end":{"line":251,"column":48}}],"line":251},"18":{"loc":{"start":{"line":254,"column":23},"end":{"line":256,"column":23}},"type":"binary-expr","locations":[{"start":{"line":254,"column":23},"end":{"line":254,"column":53}},{"start":{"line":255,"column":24},"end":{"line":255,"column":129}}],"line":254},"19":{"loc":{"start":{"line":262,"column":31},"end":{"line":262,"column":46}},"type":"cond-expr","locations":[{"start":{"line":262,"column":41},"end":{"line":262,"column":42}},{"start":{"line":262,"column":45},"end":{"line":262,"column":46}}],"line":262},"20":{"loc":{"start":{"line":276,"column":45},"end":{"line":276,"column":94}},"type":"cond-expr","locations":[{"start":{"line":276,"column":66},"end":{"line":276,"column":77}},{"start":{"line":276,"column":80},"end":{"line":276,"column":94}}],"line":276}},"s":{"0":90,"1":90,"2":90,"3":90,"4":90,"5":90,"6":90,"7":90,"8":90,"9":90,"10":90,"11":90,"12":90,"13":90,"14":90,"15":90,"16":90,"17":90,"18":90,"19":90,"20":90,"21":23,"22":90,"23":27,"24":27,"25":27,"26":27,"27":27,"28":0,"29":27,"30":90,"31":13,"32":13,"33":13,"34":13,"35":13,"36":13,"37":13,"38":13,"39":90,"40":4,"41":4,"42":4,"43":4,"44":4,"45":4,"46":1,"47":3,"48":4,"49":4,"50":4,"51":0,"52":90,"53":1,"54":1,"55":1,"56":1,"57":1,"58":1,"59":1,"60":1,"61":1,"62":1,"63":90,"64":3,"65":3,"66":0,"67":3,"68":3,"69":3,"70":45,"71":3,"72":3,"73":0,"74":0,"75":0,"76":0,"77":0,"78":0,"79":0,"80":90,"81":2,"82":30,"83":2,"84":0,"85":2,"86":2,"87":2,"88":30,"89":2,"90":2,"91":2,"92":0,"93":0,"94":0,"95":0,"96":0,"97":0,"98":0,"99":0,"100":90,"101":4,"102":4,"103":4,"104":4,"105":4,"106":90,"107":2,"108":0,"109":2,"110":2,"111":2,"112":2,"113":0,"114":2,"115":2,"116":90,"117":2,"118":2,"119":3,"120":30,"121":720,"122":882,"123":1,"124":1,"125":0,"126":1,"127":3,"128":180,"129":8,"130":3,"131":61,"132":0,"133":360,"134":1,"135":1},"f":{"0":90,"1":23,"2":27,"3":13,"4":4,"5":1,"6":3,"7":3,"8":45,"9":0,"10":2,"11":30,"12":2,"13":30,"14":0,"15":0,"16":4,"17":4,"18":2,"19":2,"20":2,"21":3,"22":30,"23":720,"24":882,"25":1,"26":1,"27":0,"28":1,"29":3,"30":180,"31":8,"32":3,"33":61,"34":0,"35":360,"36":1,"37":1},"b":{"0":[1,3],"1":[1,0],"2":[0,3],"3":[0,2],"4":[2,2],"5":[0,2],"6":[2,2],"7":[90,6],"8":[90,90,3],"9":[90,5],"10":[90,90],"11":[90,32],"12":[2,1],"13":[60,30],"14":[882,882],"15":[0,1],"16":[882,0],"17":[882,0],"18":[882,851],"19":[30,0],"20":[2,88]},"_coverageSchema":"1a1c01bbd47fc00a2c39e90264f33305004495a9","hash":"b7b145fc2828a2ea14db5c29d6433a307e0e1ec5"}
,"C:\\Users\\geeth\\Git Repo\\flexpath-final\\frontend\\src\\pages\\LoginPage.jsx": {"path":"C:\\Users\\geeth\\Git Repo\\flexpath-final\\frontend\\src\\pages\\LoginPage.jsx","statementMap":{"0":{"start":{"line":6,"column":34},"end":{"line":6,"column":46}},"1":{"start":{"line":7,"column":34},"end":{"line":7,"column":46}},"2":{"start":{"line":8,"column":28},"end":{"line":8,"column":40}},"3":{"start":{"line":9,"column":19},"end":{"line":9,"column":32}},"4":{"start":{"line":11,"column":22},"end":{"line":21,"column":3}},"5":{"start":{"line":12,"column":4},"end":{"line":12,"column":23}},"6":{"start":{"line":13,"column":4},"end":{"line":13,"column":17}},"7":{"start":{"line":14,"column":4},"end":{"line":20,"column":5}},"8":{"start":{"line":15,"column":18},"end":{"line":15,"column":94}},"9":{"start":{"line":16,"column":6},"end":{"line":16,"column":64}},"10":{"start":{"line":17,"column":6},"end":{"line":17,"column":29}},"11":{"start":{"line":19,"column":6},"end":{"line":19,"column":47}},"12":{"start":{"line":23,"column":2},"end":{"line":69,"column":4}},"13":{"start":{"line":43,"column":31},"end":{"line":43,"column":58}},"14":{"start":{"line":56,"column":31},"end":{"line":56,"column":58}}},"fnMap":{"0":{"name":"LoginPage","decl":{"start":{"line":5,"column":24},"end":{"line":5,"column":33}},"loc":{"start":{"line":5,"column":36},"end":{"line":70,"column":1}},"line":5},"1":{"name":"(anonymous_1)","decl":{"start":{"line":11,"column":22},"end":{"line":11,"column":23}},"loc":{"start":{"line":11,"column":35},"end":{"line":21,"column":3}},"line":11},"2":{"name":"(anonymous_2)","decl":{"start":{"line":43,"column":24},"end":{"line":43,"column":25}},"loc":{"start":{"line":43,"column":31},"end":{"line":43,"column":58}},"line":43},"3":{"name":"(anonymous_3)","decl":{"start":{"line":56,"column":24},"end":{"line":56,"column":25}},"loc":{"start":{"line":56,"column":31},"end":{"line":56,"column":58}},"line":56}},"branchMap":{"0":{"loc":{"start":{"line":28,"column":9},"end":{"line":32,"column":9}},"type":"binary-expr","locations":[{"start":{"line":28,"column":9},"end":{"line":28,"column":14}},{"start":{"line":29,"column":10},"end":{"line":31,"column":16}}],"line":28}},"s":{"0":10,"1":10,"2":10,"3":10,"4":10,"5":2,"6":2,"7":2,"8":2,"9":1,"10":1,"11":1,"12":10,"13":2,"14":2},"f":{"0":10,"1":2,"2":2,"3":2},"b":{"0":[10,1]},"_coverageSchema":"1a1c01bbd47fc00a2c39e90264f33305004495a9","hash":"83a8f13788380606f938e60edf18d7d71e740591"}
,"C:\\Users\\geeth\\Git Repo\\flexpath-final\\frontend\\src\\pages\\TrackNestPage.jsx": {"path":"C:\\Users\\geeth\\Git Repo\\flexpath-final\\frontend\\src\\pages\\TrackNestPage.jsx","statementMap":{"0":{"start":{"line":5,"column":36},"end":{"line":5,"column":48}},"1":{"start":{"line":6,"column":32},"end":{"line":6,"column":46}},"2":{"start":{"line":7,"column":36},"end":{"line":7,"column":50}},"3":{"start":{"line":8,"column":38},"end":{"line":8,"column":50}},"4":{"start":{"line":9,"column":40},"end":{"line":9,"column":52}},"5":{"start":{"line":11,"column":26},"end":{"line":11,"column":38}},"6":{"start":{"line":12,"column":40},"end":{"line":12,"column":52}},"7":{"start":{"line":13,"column":38},"end":{"line":13,"column":57}},"8":{"start":{"line":15,"column":44},"end":{"line":15,"column":58}},"9":{"start":{"line":16,"column":52},"end":{"line":16,"column":66}},"10":{"start":{"line":17,"column":25},"end":{"line":17,"column":37}},"11":{"start":{"line":18,"column":42},"end":{"line":18,"column":54}},"12":{"start":{"line":21,"column":19},"end":{"line":21,"column":27}},"13":{"start":{"line":22,"column":16},"end":{"line":22,"column":20}},"14":{"start":{"line":24,"column":40},"end":{"line":24,"column":51}},"15":{"start":{"line":25,"column":23},"end":{"line":25,"column":25}},"16":{"start":{"line":28,"column":38},"end":{"line":28,"column":79}},"17":{"start":{"line":30,"column":34},"end":{"line":30,"column":49}},"18":{"start":{"line":32,"column":20},"end":{"line":39,"column":1}},"19":{"start":{"line":33,"column":18},"end":{"line":33,"column":23}},"20":{"start":{"line":34,"column":2},"end":{"line":36,"column":3}},"21":{"start":{"line":35,"column":4},"end":{"line":35,"column":23}},"22":{"start":{"line":37,"column":2},"end":{"line":37,"column":36}},"23":{"start":{"line":38,"column":2},"end":{"line":38,"column":21}},"24":{"start":{"line":41,"column":0},"end":{"line":48,"column":17}},"25":{"start":{"line":42,"column":2},"end":{"line":47,"column":3}},"26":{"start":{"line":43,"column":20},"end":{"line":45,"column":12}},"27":{"start":{"line":44,"column":6},"end":{"line":44,"column":26}},"28":{"start":{"line":46,"column":4},"end":{"line":46,"column":39}},"29":{"start":{"line":46,"column":17},"end":{"line":46,"column":38}},"30":{"start":{"line":51,"column":22},"end":{"line":65,"column":3}},"31":{"start":{"line":52,"column":4},"end":{"line":64,"column":5}},"32":{"start":{"line":53,"column":20},"end":{"line":53,"column":49}},"33":{"start":{"line":54,"column":18},"end":{"line":56,"column":8}},"34":{"start":{"line":57,"column":6},"end":{"line":57,"column":26}},"35":{"start":{"line":59,"column":6},"end":{"line":59,"column":51}},"36":{"start":{"line":60,"column":6},"end":{"line":60,"column":66}},"37":{"start":{"line":63,"column":6},"end":{"line":63,"column":24}},"38":{"start":{"line":67,"column":2},"end":{"line":78,"column":9}},"39":{"start":{"line":68,"column":4},"end":{"line":75,"column":5}},"40":{"start":{"line":69,"column":20},"end":{"line":69,"column":49}},"41":{"start":{"line":70,"column":28},"end":{"line":70,"column":48}},"42":{"start":{"line":71,"column":29},"end":{"line":71,"column":60}},"43":{"start":{"line":72,"column":6},"end":{"line":72,"column":63}},"44":{"start":{"line":74,"column":6},"end":{"line":74,"column":64}},"45":{"start":{"line":77,"column":4},"end":{"line":77,"column":18}},"46":{"start":{"line":80,"column":20},"end":{"line":85,"column":3}},"47":{"start":{"line":81,"column":4},"end":{"line":81,"column":16}},"48":{"start":{"line":82,"column":4},"end":{"line":82,"column":23}},"49":{"start":{"line":83,"column":4},"end":{"line":83,"column":29}},"50":{"start":{"line":84,"column":4},"end":{"line":84,"column":23}},"51":{"start":{"line":87,"column":26},"end":{"line":94,"column":3}},"52":{"start":{"line":88,"column":18},"end":{"line":88,"column":38}},"53":{"start":{"line":89,"column":4},"end":{"line":89,"column":24}},"54":{"start":{"line":90,"column":4},"end":{"line":90,"column":38}},"55":{"start":{"line":91,"column":4},"end":{"line":91,"column":36}},"56":{"start":{"line":92,"column":4},"end":{"line":92,"column":59}},"57":{"start":{"line":93,"column":4},"end":{"line":93,"column":49}},"58":{"start":{"line":96,"column":28},"end":{"line":112,"column":3}},"59":{"start":{"line":97,"column":22},"end":{"line":97,"column":83}},"60":{"start":{"line":98,"column":4},"end":{"line":98,"column":27}},"61":{"start":{"line":98,"column":20},"end":{"line":98,"column":27}},"62":{"start":{"line":99,"column":18},"end":{"line":99,"column":38}},"63":{"start":{"line":100,"column":4},"end":{"line":111,"column":5}},"64":{"start":{"line":101,"column":20},"end":{"line":101,"column":49}},"65":{"start":{"line":102,"column":6},"end":{"line":104,"column":9}},"66":{"start":{"line":105,"column":6},"end":{"line":105,"column":20}},"67":{"start":{"line":106,"column":6},"end":{"line":106,"column":34}},"68":{"start":{"line":107,"column":6},"end":{"line":107,"column":78}},"69":{"start":{"line":107,"column":48},"end":{"line":107,"column":70}},"70":{"start":{"line":109,"column":6},"end":{"line":109,"column":50}},"71":{"start":{"line":110,"column":6},"end":{"line":110,"column":66}},"72":{"start":{"line":114,"column":27},"end":{"line":128,"column":3}},"73":{"start":{"line":115,"column":4},"end":{"line":115,"column":31}},"74":{"start":{"line":115,"column":24},"end":{"line":115,"column":31}},"75":{"start":{"line":116,"column":4},"end":{"line":116,"column":41}},"76":{"start":{"line":117,"column":4},"end":{"line":127,"column":5}},"77":{"start":{"line":118,"column":20},"end":{"line":118,"column":49}},"78":{"start":{"line":119,"column":6},"end":{"line":121,"column":9}},"79":{"start":{"line":122,"column":6},"end":{"line":122,"column":20}},"80":{"start":{"line":124,"column":6},"end":{"line":124,"column":50}},"81":{"start":{"line":126,"column":6},"end":{"line":126,"column":29}},"82":{"start":{"line":130,"column":27},"end":{"line":158,"column":3}},"83":{"start":{"line":132,"column":24},"end":{"line":132,"column":94}},"84":{"start":{"line":132,"column":49},"end":{"line":132,"column":93}},"85":{"start":{"line":132,"column":77},"end":{"line":132,"column":92}},"86":{"start":{"line":133,"column":4},"end":{"line":136,"column":5}},"87":{"start":{"line":134,"column":6},"end":{"line":134,"column":65}},"88":{"start":{"line":135,"column":6},"end":{"line":135,"column":13}},"89":{"start":{"line":138,"column":22},"end":{"line":138,"column":125}},"90":{"start":{"line":139,"column":4},"end":{"line":139,"column":27}},"91":{"start":{"line":139,"column":20},"end":{"line":139,"column":27}},"92":{"start":{"line":141,"column":4},"end":{"line":157,"column":5}},"93":{"start":{"line":142,"column":20},"end":{"line":142,"column":49}},"94":{"start":{"line":143,"column":6},"end":{"line":149,"column":8}},"95":{"start":{"line":145,"column":10},"end":{"line":147,"column":12}},"96":{"start":{"line":150,"column":28},"end":{"line":150,"column":81}},"97":{"start":{"line":150,"column":54},"end":{"line":150,"column":80}},"98":{"start":{"line":151,"column":6},"end":{"line":151,"column":42}},"99":{"start":{"line":152,"column":6},"end":{"line":152,"column":75}},"100":{"start":{"line":152,"column":29},"end":{"line":152,"column":73}},"101":{"start":{"line":152,"column":47},"end":{"line":152,"column":72}},"102":{"start":{"line":153,"column":6},"end":{"line":153,"column":20}},"103":{"start":{"line":154,"column":6},"end":{"line":154,"column":82}},"104":{"start":{"line":154,"column":48},"end":{"line":154,"column":74}},"105":{"start":{"line":156,"column":6},"end":{"line":156,"column":50}},"106":{"start":{"line":160,"column":31},"end":{"line":178,"column":3}},"107":{"start":{"line":161,"column":4},"end":{"line":161,"column":35}},"108":{"start":{"line":161,"column":28},"end":{"line":161,"column":35}},"109":{"start":{"line":162,"column":4},"end":{"line":162,"column":41}},"110":{"start":{"line":163,"column":4},"end":{"line":177,"column":5}},"111":{"start":{"line":164,"column":20},"end":{"line":164,"column":49}},"112":{"start":{"line":165,"column":6},"end":{"line":171,"column":8}},"113":{"start":{"line":167,"column":10},"end":{"line":169,"column":12}},"114":{"start":{"line":172,"column":6},"end":{"line":172,"column":20}},"115":{"start":{"line":174,"column":6},"end":{"line":174,"column":57}},"116":{"start":{"line":176,"column":6},"end":{"line":176,"column":33}},"117":{"start":{"line":180,"column":23},"end":{"line":201,"column":3}},"118":{"start":{"line":181,"column":4},"end":{"line":181,"column":23}},"119":{"start":{"line":182,"column":18},"end":{"line":182,"column":47}},"120":{"start":{"line":183,"column":18},"end":{"line":183,"column":51}},"121":{"start":{"line":184,"column":4},"end":{"line":200,"column":5}},"122":{"start":{"line":185,"column":6},"end":{"line":194,"column":7}},"123":{"start":{"line":186,"column":24},"end":{"line":186,"column":50}},"124":{"start":{"line":187,"column":8},"end":{"line":189,"column":11}},"125":{"start":{"line":191,"column":8},"end":{"line":193,"column":11}},"126":{"start":{"line":195,"column":6},"end":{"line":195,"column":60}},"127":{"start":{"line":196,"column":6},"end":{"line":196,"column":18}},"128":{"start":{"line":197,"column":6},"end":{"line":197,"column":20}},"129":{"start":{"line":199,"column":6},"end":{"line":199,"column":48}},"130":{"start":{"line":203,"column":23},"end":{"line":207,"column":3}},"131":{"start":{"line":204,"column":4},"end":{"line":206,"column":5}},"132":{"start":{"line":205,"column":6},"end":{"line":205,"column":43}},"133":{"start":{"line":209,"column":28},"end":{"line":212,"column":3}},"134":{"start":{"line":210,"column":4},"end":{"line":210,"column":22}},"135":{"start":{"line":211,"column":4},"end":{"line":211,"column":18}},"136":{"start":{"line":214,"column":26},"end":{"line":214,"column":52}},"137":{"start":{"line":215,"column":27},"end":{"line":215,"column":57}},"138":{"start":{"line":218,"column":23},"end":{"line":234,"column":32}},"139":{"start":{"line":219,"column":4},"end":{"line":219,"column":45}},"140":{"start":{"line":219,"column":25},"end":{"line":219,"column":45}},"141":{"start":{"line":221,"column":19},"end":{"line":232,"column":6}},"142":{"start":{"line":222,"column":17},"end":{"line":222,"column":34}},"143":{"start":{"line":223,"column":17},"end":{"line":223,"column":34}},"144":{"start":{"line":226,"column":6},"end":{"line":226,"column":62}},"145":{"start":{"line":226,"column":36},"end":{"line":226,"column":62}},"146":{"start":{"line":227,"column":6},"end":{"line":227,"column":62}},"147":{"start":{"line":227,"column":36},"end":{"line":227,"column":62}},"148":{"start":{"line":229,"column":6},"end":{"line":229,"column":70}},"149":{"start":{"line":229,"column":23},"end":{"line":229,"column":70}},"150":{"start":{"line":230,"column":6},"end":{"line":230,"column":70}},"151":{"start":{"line":230,"column":23},"end":{"line":230,"column":70}},"152":{"start":{"line":231,"column":6},"end":{"line":231,"column":15}},"153":{"start":{"line":233,"column":4},"end":{"line":233,"column":18}},"154":{"start":{"line":236,"column":24},"end":{"line":236,"column":77}},"155":{"start":{"line":237,"column":21},"end":{"line":237,"column":66}},"156":{"start":{"line":239,"column":27},"end":{"line":243,"column":3}},"157":{"start":{"line":240,"column":4},"end":{"line":240,"column":31}},"158":{"start":{"line":242,"column":4},"end":{"line":242,"column":23}},"159":{"start":{"line":245,"column":21},"end":{"line":259,"column":3}},"160":{"start":{"line":246,"column":4},"end":{"line":257,"column":7}},"161":{"start":{"line":248,"column":6},"end":{"line":255,"column":7}},"162":{"start":{"line":249,"column":8},"end":{"line":252,"column":10}},"163":{"start":{"line":254,"column":8},"end":{"line":254,"column":46}},"164":{"start":{"line":256,"column":6},"end":{"line":256,"column":23}},"165":{"start":{"line":258,"column":4},"end":{"line":258,"column":23}},"166":{"start":{"line":262,"column":2},"end":{"line":268,"column":3}},"167":{"start":{"line":263,"column":4},"end":{"line":267,"column":6}},"168":{"start":{"line":270,"column":2},"end":{"line":454,"column":4}},"169":{"start":{"line":277,"column":63},"end":{"line":277,"column":82}},"170":{"start":{"line":289,"column":29},"end":{"line":289,"column":58}},"171":{"start":{"line":322,"column":22},"end":{"line":322,"column":91}},"172":{"start":{"line":322,"column":79},"end":{"line":322,"column":83}},"173":{"start":{"line":331,"column":29},"end":{"line":331,"column":47}},"174":{"start":{"line":340,"column":31},"end":{"line":340,"column":56}},"175":{"start":{"line":350,"column":16},"end":{"line":375,"column":21}},"176":{"start":{"line":357,"column":26},"end":{"line":361,"column":28}},"177":{"start":{"line":358,"column":28},"end":{"line":360,"column":51}},"178":{"start":{"line":359,"column":50},"end":{"line":359,"column":65}},"179":{"start":{"line":370,"column":91},"end":{"line":370,"column":113}},"180":{"start":{"line":372,"column":87},"end":{"line":372,"column":111}},"181":{"start":{"line":391,"column":57},"end":{"line":391,"column":76}},"182":{"start":{"line":394,"column":57},"end":{"line":394,"column":90}},"183":{"start":{"line":400,"column":57},"end":{"line":400,"column":90}},"184":{"start":{"line":403,"column":57},"end":{"line":403,"column":85}},"185":{"start":{"line":432,"column":94},"end":{"line":432,"column":117}},"186":{"start":{"line":436,"column":108},"end":{"line":436,"column":138}},"187":{"start":{"line":440,"column":106},"end":{"line":440,"column":135}}},"fnMap":{"0":{"name":"TrackNestPage","decl":{"start":{"line":4,"column":24},"end":{"line":4,"column":37}},"loc":{"start":{"line":4,"column":40},"end":{"line":455,"column":1}},"line":4},"1":{"name":"(anonymous_1)","decl":{"start":{"line":32,"column":20},"end":{"line":32,"column":21}},"loc":{"start":{"line":32,"column":29},"end":{"line":39,"column":1}},"line":32},"2":{"name":"(anonymous_2)","decl":{"start":{"line":41,"column":10},"end":{"line":41,"column":11}},"loc":{"start":{"line":41,"column":16},"end":{"line":48,"column":1}},"line":41},"3":{"name":"(anonymous_3)","decl":{"start":{"line":43,"column":31},"end":{"line":43,"column":32}},"loc":{"start":{"line":43,"column":37},"end":{"line":45,"column":5}},"line":43},"4":{"name":"(anonymous_4)","decl":{"start":{"line":46,"column":11},"end":{"line":46,"column":12}},"loc":{"start":{"line":46,"column":17},"end":{"line":46,"column":38}},"line":46},"5":{"name":"(anonymous_5)","decl":{"start":{"line":51,"column":22},"end":{"line":51,"column":23}},"loc":{"start":{"line":51,"column":44},"end":{"line":65,"column":3}},"line":51},"6":{"name":"(anonymous_6)","decl":{"start":{"line":67,"column":12},"end":{"line":67,"column":13}},"loc":{"start":{"line":67,"column":18},"end":{"line":78,"column":3}},"line":67},"7":{"name":"(anonymous_7)","decl":{"start":{"line":80,"column":20},"end":{"line":80,"column":21}},"loc":{"start":{"line":80,"column":26},"end":{"line":85,"column":3}},"line":80},"8":{"name":"(anonymous_8)","decl":{"start":{"line":87,"column":26},"end":{"line":87,"column":27}},"loc":{"start":{"line":87,"column":37},"end":{"line":94,"column":3}},"line":87},"9":{"name":"(anonymous_9)","decl":{"start":{"line":96,"column":28},"end":{"line":96,"column":29}},"loc":{"start":{"line":96,"column":45},"end":{"line":112,"column":3}},"line":96},"10":{"name":"(anonymous_10)","decl":{"start":{"line":107,"column":42},"end":{"line":107,"column":43}},"loc":{"start":{"line":107,"column":48},"end":{"line":107,"column":70}},"line":107},"11":{"name":"(anonymous_11)","decl":{"start":{"line":114,"column":27},"end":{"line":114,"column":28}},"loc":{"start":{"line":114,"column":39},"end":{"line":128,"column":3}},"line":114},"12":{"name":"(anonymous_12)","decl":{"start":{"line":130,"column":27},"end":{"line":130,"column":28}},"loc":{"start":{"line":130,"column":39},"end":{"line":158,"column":3}},"line":130},"13":{"name":"(anonymous_13)","decl":{"start":{"line":132,"column":43},"end":{"line":132,"column":44}},"loc":{"start":{"line":132,"column":49},"end":{"line":132,"column":93}},"line":132},"14":{"name":"(anonymous_14)","decl":{"start":{"line":132,"column":68},"end":{"line":132,"column":69}},"loc":{"start":{"line":132,"column":77},"end":{"line":132,"column":92}},"line":132},"15":{"name":"(anonymous_15)","decl":{"start":{"line":144,"column":24},"end":{"line":144,"column":25}},"loc":{"start":{"line":145,"column":10},"end":{"line":147,"column":12}},"line":145},"16":{"name":"(anonymous_16)","decl":{"start":{"line":150,"column":49},"end":{"line":150,"column":50}},"loc":{"start":{"line":150,"column":54},"end":{"line":150,"column":80}},"line":150},"17":{"name":"(anonymous_17)","decl":{"start":{"line":152,"column":21},"end":{"line":152,"column":22}},"loc":{"start":{"line":152,"column":29},"end":{"line":152,"column":73}},"line":152},"18":{"name":"(anonymous_18)","decl":{"start":{"line":152,"column":41},"end":{"line":152,"column":42}},"loc":{"start":{"line":152,"column":47},"end":{"line":152,"column":72}},"line":152},"19":{"name":"(anonymous_19)","decl":{"start":{"line":154,"column":42},"end":{"line":154,"column":43}},"loc":{"start":{"line":154,"column":48},"end":{"line":154,"column":74}},"line":154},"20":{"name":"(anonymous_20)","decl":{"start":{"line":160,"column":31},"end":{"line":160,"column":32}},"loc":{"start":{"line":160,"column":43},"end":{"line":178,"column":3}},"line":160},"21":{"name":"(anonymous_21)","decl":{"start":{"line":166,"column":30},"end":{"line":166,"column":31}},"loc":{"start":{"line":167,"column":10},"end":{"line":169,"column":12}},"line":167},"22":{"name":"(anonymous_22)","decl":{"start":{"line":180,"column":23},"end":{"line":180,"column":24}},"loc":{"start":{"line":180,"column":36},"end":{"line":201,"column":3}},"line":180},"23":{"name":"(anonymous_23)","decl":{"start":{"line":203,"column":23},"end":{"line":203,"column":24}},"loc":{"start":{"line":203,"column":29},"end":{"line":207,"column":3}},"line":203},"24":{"name":"(anonymous_24)","decl":{"start":{"line":209,"column":28},"end":{"line":209,"column":29}},"loc":{"start":{"line":209,"column":34},"end":{"line":212,"column":3}},"line":209},"25":{"name":"(anonymous_25)","decl":{"start":{"line":218,"column":37},"end":{"line":218,"column":38}},"loc":{"start":{"line":218,"column":43},"end":{"line":234,"column":3}},"line":218},"26":{"name":"(anonymous_26)","decl":{"start":{"line":221,"column":42},"end":{"line":221,"column":43}},"loc":{"start":{"line":221,"column":52},"end":{"line":232,"column":5}},"line":221},"27":{"name":"(anonymous_27)","decl":{"start":{"line":239,"column":27},"end":{"line":239,"column":28}},"loc":{"start":{"line":239,"column":43},"end":{"line":243,"column":3}},"line":239},"28":{"name":"(anonymous_28)","decl":{"start":{"line":245,"column":21},"end":{"line":245,"column":22}},"loc":{"start":{"line":245,"column":30},"end":{"line":259,"column":3}},"line":245},"29":{"name":"(anonymous_29)","decl":{"start":{"line":246,"column":18},"end":{"line":246,"column":19}},"loc":{"start":{"line":246,"column":26},"end":{"line":257,"column":5}},"line":246},"30":{"name":"(anonymous_30)","decl":{"start":{"line":277,"column":57},"end":{"line":277,"column":58}},"loc":{"start":{"line":277,"column":63},"end":{"line":277,"column":82}},"line":277},"31":{"name":"(anonymous_31)","decl":{"start":{"line":289,"column":22},"end":{"line":289,"column":23}},"loc":{"start":{"line":289,"column":29},"end":{"line":289,"column":58}},"line":289},"32":{"name":"(anonymous_32)","decl":{"start":{"line":321,"column":30},"end":{"line":321,"column":31}},"loc":{"start":{"line":321,"column":37},"end":{"line":323,"column":21}},"line":321},"33":{"name":"(anonymous_33)","decl":{"start":{"line":322,"column":74},"end":{"line":322,"column":75}},"loc":{"start":{"line":322,"column":79},"end":{"line":322,"column":83}},"line":322},"34":{"name":"(anonymous_34)","decl":{"start":{"line":331,"column":23},"end":{"line":331,"column":24}},"loc":{"start":{"line":331,"column":29},"end":{"line":331,"column":47}},"line":331},"35":{"name":"(anonymous_35)","decl":{"start":{"line":340,"column":25},"end":{"line":340,"column":26}},"loc":{"start":{"line":340,"column":31},"end":{"line":340,"column":56}},"line":340},"36":{"name":"(anonymous_36)","decl":{"start":{"line":349,"column":32},"end":{"line":349,"column":33}},"loc":{"start":{"line":350,"column":16},"end":{"line":375,"column":21}},"line":350},"37":{"name":"(anonymous_37)","decl":{"start":{"line":356,"column":34},"end":{"line":356,"column":35}},"loc":{"start":{"line":356,"column":40},"end":{"line":362,"column":25}},"line":356},"38":{"name":"(anonymous_38)","decl":{"start":{"line":357,"column":41},"end":{"line":357,"column":42}},"loc":{"start":{"line":358,"column":28},"end":{"line":360,"column":51}},"line":358},"39":{"name":"(anonymous_39)","decl":{"start":{"line":359,"column":44},"end":{"line":359,"column":45}},"loc":{"start":{"line":359,"column":50},"end":{"line":359,"column":65}},"line":359},"40":{"name":"(anonymous_40)","decl":{"start":{"line":370,"column":85},"end":{"line":370,"column":86}},"loc":{"start":{"line":370,"column":91},"end":{"line":370,"column":113}},"line":370},"41":{"name":"(anonymous_41)","decl":{"start":{"line":372,"column":81},"end":{"line":372,"column":82}},"loc":{"start":{"line":372,"column":87},"end":{"line":372,"column":111}},"line":372},"42":{"name":"(anonymous_42)","decl":{"start":{"line":391,"column":51},"end":{"line":391,"column":52}},"loc":{"start":{"line":391,"column":57},"end":{"line":391,"column":76}},"line":391},"43":{"name":"(anonymous_43)","decl":{"start":{"line":394,"column":51},"end":{"line":394,"column":52}},"loc":{"start":{"line":394,"column":57},"end":{"line":394,"column":90}},"line":394},"44":{"name":"(anonymous_44)","decl":{"start":{"line":400,"column":51},"end":{"line":400,"column":52}},"loc":{"start":{"line":400,"column":57},"end":{"line":400,"column":90}},"line":400},"45":{"name":"(anonymous_45)","decl":{"start":{"line":403,"column":51},"end":{"line":403,"column":52}},"loc":{"start":{"line":403,"column":57},"end":{"line":403,"column":85}},"line":403},"46":{"name":"(anonymous_46)","decl":{"start":{"line":432,"column":87},"end":{"line":432,"column":88}},"loc":{"start":{"line":432,"column":94},"end":{"line":432,"column":117}},"line":432},"47":{"name":"(anonymous_47)","decl":{"start":{"line":436,"column":101},"end":{"line":436,"column":102}},"loc":{"start":{"line":436,"column":108},"end":{"line":436,"column":138}},"line":436},"48":{"name":"(anonymous_48)","decl":{"start":{"line":440,"column":99},"end":{"line":440,"column":100}},"loc":{"start":{"line":440,"column":106},"end":{"line":440,"column":135}},"line":440}},"branchMap":{"0":{"loc":{"start":{"line":34,"column":2},"end":{"line":36,"column":3}},"type":"if","locations":[{"start":{"line":34,"column":2},"end":{"line":36,"column":3}},{"start":{},"end":{}}],"line":34},"1":{"loc":{"start":{"line":34,"column":6},"end":{"line":34,"column":62}},"type":"binary-expr","locations":[{"start":{"line":34,"column":6},"end":{"line":34,"column":28}},{"start":{"line":34,"column":32},"end":{"line":34,"column":62}}],"line":34},"2":{"loc":{"start":{"line":42,"column":2},"end":{"line":47,"column":3}},"type":"if","locations":[{"start":{"line":42,"column":2},"end":{"line":47,"column":3}},{"start":{},"end":{}}],"line":42},"3":{"loc":{"start":{"line":51,"column":29},"end":{"line":51,"column":39}},"type":"default-arg","locations":[{"start":{"line":51,"column":37},"end":{"line":51,"column":39}}],"line":51},"4":{"loc":{"start":{"line":98,"column":4},"end":{"line":98,"column":27}},"type":"if","locations":[{"start":{"line":98,"column":4},"end":{"line":98,"column":27}},{"start":{},"end":{}}],"line":98},"5":{"loc":{"start":{"line":115,"column":4},"end":{"line":115,"column":31}},"type":"if","locations":[{"start":{"line":115,"column":4},"end":{"line":115,"column":31}},{"start":{},"end":{}}],"line":115},"6":{"loc":{"start":{"line":133,"column":4},"end":{"line":136,"column":5}},"type":"if","locations":[{"start":{"line":133,"column":4},"end":{"line":136,"column":5}},{"start":{},"end":{}}],"line":133},"7":{"loc":{"start":{"line":139,"column":4},"end":{"line":139,"column":27}},"type":"if","locations":[{"start":{"line":139,"column":4},"end":{"line":139,"column":27}},{"start":{},"end":{}}],"line":139},"8":{"loc":{"start":{"line":161,"column":4},"end":{"line":161,"column":35}},"type":"if","locations":[{"start":{"line":161,"column":4},"end":{"line":161,"column":35}},{"start":{},"end":{}}],"line":161},"9":{"loc":{"start":{"line":185,"column":6},"end":{"line":194,"column":7}},"type":"if","locations":[{"start":{"line":185,"column":6},"end":{"line":194,"column":7}},{"start":{"line":190,"column":13},"end":{"line":194,"column":7}}],"line":185},"10":{"loc":{"start":{"line":204,"column":4},"end":{"line":206,"column":5}},"type":"if","locations":[{"start":{"line":204,"column":4},"end":{"line":206,"column":5}},{"start":{},"end":{}}],"line":204},"11":{"loc":{"start":{"line":219,"column":4},"end":{"line":219,"column":45}},"type":"if","locations":[{"start":{"line":219,"column":4},"end":{"line":219,"column":45}},{"start":{},"end":{}}],"line":219},"12":{"loc":{"start":{"line":226,"column":6},"end":{"line":226,"column":62}},"type":"if","locations":[{"start":{"line":226,"column":6},"end":{"line":226,"column":62}},{"start":{},"end":{}}],"line":226},"13":{"loc":{"start":{"line":227,"column":6},"end":{"line":227,"column":62}},"type":"if","locations":[{"start":{"line":227,"column":6},"end":{"line":227,"column":62}},{"start":{},"end":{}}],"line":227},"14":{"loc":{"start":{"line":229,"column":6},"end":{"line":229,"column":70}},"type":"if","locations":[{"start":{"line":229,"column":6},"end":{"line":229,"column":70}},{"start":{},"end":{}}],"line":229},"15":{"loc":{"start":{"line":229,"column":30},"end":{"line":229,"column":69}},"type":"cond-expr","locations":[{"start":{"line":229,"column":63},"end":{"line":229,"column":65}},{"start":{"line":229,"column":68},"end":{"line":229,"column":69}}],"line":229},"16":{"loc":{"start":{"line":230,"column":6},"end":{"line":230,"column":70}},"type":"if","locations":[{"start":{"line":230,"column":6},"end":{"line":230,"column":70}},{"start":{},"end":{}}],"line":230},"17":{"loc":{"start":{"line":230,"column":30},"end":{"line":230,"column":69}},"type":"cond-expr","locations":[{"start":{"line":230,"column":63},"end":{"line":230,"column":64}},{"start":{"line":230,"column":67},"end":{"line":230,"column":69}}],"line":230},"18":{"loc":{"start":{"line":248,"column":6},"end":{"line":255,"column":7}},"type":"if","locations":[{"start":{"line":248,"column":6},"end":{"line":255,"column":7}},{"start":{"line":253,"column":13},"end":{"line":255,"column":7}}],"line":248},"19":{"loc":{"start":{"line":251,"column":21},"end":{"line":251,"column":62}},"type":"cond-expr","locations":[{"start":{"line":251,"column":48},"end":{"line":251,"column":54}},{"start":{"line":251,"column":57},"end":{"line":251,"column":62}}],"line":251},"20":{"loc":{"start":{"line":262,"column":2},"end":{"line":268,"column":3}},"type":"if","locations":[{"start":{"line":262,"column":2},"end":{"line":268,"column":3}},{"start":{},"end":{}}],"line":262},"21":{"loc":{"start":{"line":274,"column":7},"end":{"line":279,"column":1}},"type":"binary-expr","locations":[{"start":{"line":274,"column":7},"end":{"line":274,"column":19}},{"start":{"line":275,"column":2},"end":{"line":278,"column":8}}],"line":274},"22":{"loc":{"start":{"line":304,"column":7},"end":{"line":310,"column":7}},"type":"binary-expr","locations":[{"start":{"line":304,"column":7},"end":{"line":304,"column":14}},{"start":{"line":304,"column":18},"end":{"line":304,"column":40}},{"start":{"line":305,"column":8},"end":{"line":309,"column":14}}],"line":304},"23":{"loc":{"start":{"line":316,"column":13},"end":{"line":326,"column":15}},"type":"binary-expr","locations":[{"start":{"line":316,"column":13},"end":{"line":316,"column":20}},{"start":{"line":317,"column":16},"end":{"line":325,"column":21}}],"line":316},"24":{"loc":{"start":{"line":320,"column":29},"end":{"line":320,"column":100}},"type":"binary-expr","locations":[{"start":{"line":320,"column":29},"end":{"line":320,"column":72}},{"start":{"line":320,"column":76},"end":{"line":320,"column":100}}],"line":320},"25":{"loc":{"start":{"line":322,"column":37},"end":{"line":322,"column":89}},"type":"cond-expr","locations":[{"start":{"line":322,"column":56},"end":{"line":322,"column":84}},{"start":{"line":322,"column":87},"end":{"line":322,"column":89}}],"line":322},"26":{"loc":{"start":{"line":334,"column":15},"end":{"line":334,"column":103}},"type":"binary-expr","locations":[{"start":{"line":334,"column":15},"end":{"line":334,"column":24}},{"start":{"line":334,"column":28},"end":{"line":334,"column":53}},{"start":{"line":334,"column":58},"end":{"line":334,"column":102}}],"line":334},"27":{"loc":{"start":{"line":334,"column":58},"end":{"line":334,"column":102}},"type":"cond-expr","locations":[{"start":{"line":334,"column":91},"end":{"line":334,"column":95}},{"start":{"line":334,"column":98},"end":{"line":334,"column":102}}],"line":334},"28":{"loc":{"start":{"line":342,"column":17},"end":{"line":342,"column":111}},"type":"binary-expr","locations":[{"start":{"line":342,"column":17},"end":{"line":342,"column":26}},{"start":{"line":342,"column":30},"end":{"line":342,"column":61}},{"start":{"line":342,"column":66},"end":{"line":342,"column":110}}],"line":342},"29":{"loc":{"start":{"line":342,"column":66},"end":{"line":342,"column":110}},"type":"cond-expr","locations":[{"start":{"line":342,"column":99},"end":{"line":342,"column":103}},{"start":{"line":342,"column":106},"end":{"line":342,"column":110}}],"line":342},"30":{"loc":{"start":{"line":348,"column":13},"end":{"line":381,"column":13}},"type":"cond-expr","locations":[{"start":{"line":349,"column":14},"end":{"line":376,"column":16}},{"start":{"line":378,"column":14},"end":{"line":380,"column":19}}],"line":348},"31":{"loc":{"start":{"line":351,"column":19},"end":{"line":365,"column":19}},"type":"binary-expr","locations":[{"start":{"line":351,"column":19},"end":{"line":351,"column":26}},{"start":{"line":352,"column":20},"end":{"line":364,"column":25}}],"line":351},"32":{"loc":{"start":{"line":358,"column":28},"end":{"line":360,"column":51}},"type":"cond-expr","locations":[{"start":{"line":359,"column":32},"end":{"line":359,"column":66}},{"start":{"line":360,"column":32},"end":{"line":360,"column":51}}],"line":358},"33":{"loc":{"start":{"line":371,"column":21},"end":{"line":373,"column":21}},"type":"binary-expr","locations":[{"start":{"line":371,"column":21},"end":{"line":371,"column":52}},{"start":{"line":372,"column":22},"end":{"line":372,"column":128}}],"line":371},"34":{"loc":{"start":{"line":379,"column":29},"end":{"line":379,"column":44}},"type":"cond-expr","locations":[{"start":{"line":379,"column":39},"end":{"line":379,"column":40}},{"start":{"line":379,"column":43},"end":{"line":379,"column":44}}],"line":379},"35":{"loc":{"start":{"line":390,"column":38},"end":{"line":390,"column":69}},"type":"binary-expr","locations":[{"start":{"line":390,"column":38},"end":{"line":390,"column":55}},{"start":{"line":390,"column":59},"end":{"line":390,"column":69}}],"line":390},"36":{"loc":{"start":{"line":393,"column":38},"end":{"line":393,"column":69}},"type":"binary-expr","locations":[{"start":{"line":393,"column":38},"end":{"line":393,"column":55}},{"start":{"line":393,"column":59},"end":{"line":393,"column":69}}],"line":393},"37":{"loc":{"start":{"line":399,"column":38},"end":{"line":399,"column":78}},"type":"binary-expr","locations":[{"start":{"line":399,"column":38},"end":{"line":399,"column":64}},{"start":{"line":399,"column":68},"end":{"line":399,"column":78}}],"line":399},"38":{"loc":{"start":{"line":402,"column":38},"end":{"line":402,"column":78}},"type":"binary-expr","locations":[{"start":{"line":402,"column":38},"end":{"line":402,"column":64}},{"start":{"line":402,"column":68},"end":{"line":402,"column":78}}],"line":402},"39":{"loc":{"start":{"line":408,"column":7},"end":{"line":413,"column":7}},"type":"binary-expr","locations":[{"start":{"line":408,"column":7},"end":{"line":408,"column":20}},{"start":{"line":409,"column":8},"end":{"line":412,"column":14}}],"line":408},"40":{"loc":{"start":{"line":415,"column":7},"end":{"line":420,"column":7}},"type":"binary-expr","locations":[{"start":{"line":415,"column":7},"end":{"line":415,"column":24}},{"start":{"line":416,"column":8},"end":{"line":419,"column":14}}],"line":415},"41":{"loc":{"start":{"line":426,"column":43},"end":{"line":426,"column":90}},"type":"cond-expr","locations":[{"start":{"line":426,"column":64},"end":{"line":426,"column":76}},{"start":{"line":426,"column":79},"end":{"line":426,"column":90}}],"line":426}},"s":{"0":62,"1":61,"2":61,"3":61,"4":61,"5":61,"6":61,"7":61,"8":61,"9":61,"10":61,"11":61,"12":61,"13":61,"14":61,"15":61,"16":61,"17":61,"18":61,"19":2,"20":2,"21":1,"22":2,"23":2,"24":61,"25":22,"26":4,"27":0,"28":4,"29":4,"30":61,"31":29,"32":29,"33":29,"34":27,"35":2,"36":2,"37":29,"38":61,"39":18,"40":18,"41":18,"42":18,"43":18,"44":0,"45":18,"46":61,"47":3,"48":3,"49":3,"50":3,"51":61,"52":2,"53":2,"54":2,"55":2,"56":2,"57":2,"58":61,"59":3,"60":3,"61":0,"62":3,"63":3,"64":3,"65":3,"66":3,"67":3,"68":3,"69":0,"70":0,"71":0,"72":61,"73":1,"74":0,"75":1,"76":1,"77":1,"78":1,"79":1,"80":0,"81":1,"82":61,"83":2,"84":2,"85":2,"86":2,"87":0,"88":0,"89":2,"90":2,"91":0,"92":2,"93":2,"94":2,"95":2,"96":2,"97":4,"98":2,"99":2,"100":1,"101":1,"102":2,"103":2,"104":0,"105":0,"106":61,"107":1,"108":0,"109":1,"110":1,"111":1,"112":1,"113":1,"114":1,"115":0,"116":1,"117":61,"118":2,"119":2,"120":2,"121":2,"122":2,"123":1,"124":1,"125":1,"126":2,"127":2,"128":2,"129":0,"130":61,"131":1,"132":1,"133":61,"134":1,"135":1,"136":61,"137":61,"138":61,"139":38,"140":34,"141":4,"142":4,"143":4,"144":4,"145":4,"146":4,"147":4,"148":4,"149":2,"150":2,"151":2,"152":0,"153":4,"154":61,"155":61,"156":61,"157":2,"158":2,"159":61,"160":2,"161":2,"162":1,"163":1,"164":2,"165":2,"166":61,"167":18,"168":43,"169":1,"170":1,"171":0,"172":0,"173":2,"174":2,"175":76,"176":2,"177":2,"178":0,"179":2,"180":3,"181":0,"182":0,"183":1,"184":1,"185":2,"186":1,"187":1},"f":{"0":62,"1":2,"2":22,"3":0,"4":4,"5":29,"6":18,"7":3,"8":2,"9":3,"10":0,"11":1,"12":2,"13":2,"14":2,"15":2,"16":4,"17":1,"18":1,"19":0,"20":1,"21":1,"22":2,"23":1,"24":1,"25":38,"26":4,"27":2,"28":2,"29":2,"30":1,"31":1,"32":0,"33":0,"34":2,"35":2,"36":76,"37":2,"38":2,"39":0,"40":2,"41":3,"42":0,"43":0,"44":1,"45":1,"46":2,"47":1,"48":1},"b":{"0":[1,1],"1":[2,1],"2":[4,18],"3":[28],"4":[0,3],"5":[0,1],"6":[0,2],"7":[0,2],"8":[0,1],"9":[1,1],"10":[1,0],"11":[34,4],"12":[4,0],"13":[4,0],"14":[2,2],"15":[1,1],"16":[2,0],"17":[1,1],"18":[1,1],"19":[1,0],"20":[18,43],"21":[43,2],"22":[43,43,2],"23":[43,43],"24":[43,5],"25":[0,0],"26":[43,4,2],"27":[1,1],"28":[43,4,2],"29":[1,1],"30":[38,5],"31":[76,76],"32":[0,2],"33":[76,74],"34":[5,0],"35":[43,42],"36":[43,42],"37":[43,38],"38":[43,38],"39":[43,3],"40":[43,1],"41":[3,40]},"_coverageSchema":"1a1c01bbd47fc00a2c39e90264f33305004495a9","hash":"ad67c9d43512b0a3a104625614b62ff178146c7c"}
,"C:\\Users\\geeth\\Git Repo\\flexpath-final\\frontend\\src\\pages\\UserPage.jsx": {"path":"C:\\Users\\geeth\\Git Repo\\flexpath-final\\frontend\\src\\pages\\UserPage.jsx","statementMap":{"0":{"start":{"line":5,"column":28},"end":{"line":5,"column":40}},"1":{"start":{"line":6,"column":34},"end":{"line":6,"column":46}},"2":{"start":{"line":7,"column":34},"end":{"line":7,"column":46}},"3":{"start":{"line":8,"column":26},"end":{"line":8,"column":42}},"4":{"start":{"line":9,"column":36},"end":{"line":9,"column":50}},"5":{"start":{"line":10,"column":23},"end":{"line":10,"column":31}},"6":{"start":{"line":11,"column":31},"end":{"line":11,"column":43}},"7":{"start":{"line":13,"column":2},"end":{"line":27,"column":9}},"8":{"start":{"line":14,"column":20},"end":{"line":14,"column":49}},"9":{"start":{"line":15,"column":5},"end":{"line":24,"column":3}},"10":{"start":{"line":16,"column":4},"end":{"line":23,"column":5}},"11":{"start":{"line":17,"column":28},"end":{"line":17,"column":47}},"12":{"start":{"line":18,"column":29},"end":{"line":18,"column":60}},"13":{"start":{"line":19,"column":23},"end":{"line":19,"column":71}},"14":{"start":{"line":20,"column":7},"end":{"line":20,"column":24}},"15":{"start":{"line":22,"column":6},"end":{"line":22,"column":50}},"16":{"start":{"line":26,"column":4},"end":{"line":26,"column":17}},"17":{"start":{"line":29,"column":21},"end":{"line":36,"column":3}},"18":{"start":{"line":30,"column":4},"end":{"line":35,"column":5}},"19":{"start":{"line":31,"column":18},"end":{"line":31,"column":143}},"20":{"start":{"line":32,"column":6},"end":{"line":32,"column":25}},"21":{"start":{"line":34,"column":6},"end":{"line":34,"column":50}},"22":{"start":{"line":38,"column":20},"end":{"line":43,"column":3}},"23":{"start":{"line":39,"column":4},"end":{"line":39,"column":20}},"24":{"start":{"line":40,"column":4},"end":{"line":40,"column":20}},"25":{"start":{"line":41,"column":4},"end":{"line":41,"column":20}},"26":{"start":{"line":42,"column":4},"end":{"line":42,"column":23}},"27":{"start":{"line":45,"column":23},"end":{"line":60,"column":3}},"28":{"start":{"line":46,"column":4},"end":{"line":46,"column":23}},"29":{"start":{"line":47,"column":17},"end":{"line":47,"column":45}},"30":{"start":{"line":48,"column":4},"end":{"line":59,"column":5}},"31":{"start":{"line":49,"column":6},"end":{"line":53,"column":7}},"32":{"start":{"line":50,"column":8},"end":{"line":50,"column":178}},"33":{"start":{"line":52,"column":8},"end":{"line":52,"column":141}},"34":{"start":{"line":54,"column":6},"end":{"line":54,"column":64}},"35":{"start":{"line":55,"column":6},"end":{"line":55,"column":18}},"36":{"start":{"line":56,"column":6},"end":{"line":56,"column":19}},"37":{"start":{"line":58,"column":6},"end":{"line":58,"column":47}},"38":{"start":{"line":62,"column":21},"end":{"line":69,"column":3}},"39":{"start":{"line":63,"column":17},"end":{"line":63,"column":29}},"40":{"start":{"line":64,"column":4},"end":{"line":64,"column":31}},"41":{"start":{"line":65,"column":4},"end":{"line":65,"column":20}},"42":{"start":{"line":66,"column":4},"end":{"line":66,"column":23}},"43":{"start":{"line":67,"column":4},"end":{"line":67,"column":24}},"44":{"start":{"line":68,"column":4},"end":{"line":68,"column":53}},"45":{"start":{"line":71,"column":23},"end":{"line":78,"column":3}},"46":{"start":{"line":72,"column":4},"end":{"line":77,"column":5}},"47":{"start":{"line":73,"column":6},"end":{"line":73,"column":147}},"48":{"start":{"line":74,"column":6},"end":{"line":74,"column":19}},"49":{"start":{"line":76,"column":6},"end":{"line":76,"column":49}},"50":{"start":{"line":80,"column":2},"end":{"line":185,"column":4}},"51":{"start":{"line":106,"column":16},"end":{"line":120,"column":21}},"52":{"start":{"line":111,"column":91},"end":{"line":111,"column":108}},"53":{"start":{"line":114,"column":85},"end":{"line":114,"column":112}},"54":{"start":{"line":147,"column":35},"end":{"line":147,"column":62}},"55":{"start":{"line":159,"column":35},"end":{"line":159,"column":62}},"56":{"start":{"line":169,"column":35},"end":{"line":169,"column":58}}},"fnMap":{"0":{"name":"UsersPage","decl":{"start":{"line":4,"column":24},"end":{"line":4,"column":33}},"loc":{"start":{"line":4,"column":36},"end":{"line":186,"column":1}},"line":4},"1":{"name":"(anonymous_1)","decl":{"start":{"line":13,"column":12},"end":{"line":13,"column":13}},"loc":{"start":{"line":13,"column":18},"end":{"line":27,"column":3}},"line":13},"2":{"name":"(anonymous_2)","decl":{"start":{"line":29,"column":21},"end":{"line":29,"column":22}},"loc":{"start":{"line":29,"column":33},"end":{"line":36,"column":3}},"line":29},"3":{"name":"(anonymous_3)","decl":{"start":{"line":38,"column":20},"end":{"line":38,"column":21}},"loc":{"start":{"line":38,"column":26},"end":{"line":43,"column":3}},"line":38},"4":{"name":"(anonymous_4)","decl":{"start":{"line":45,"column":23},"end":{"line":45,"column":24}},"loc":{"start":{"line":45,"column":36},"end":{"line":60,"column":3}},"line":45},"5":{"name":"(anonymous_5)","decl":{"start":{"line":62,"column":21},"end":{"line":62,"column":22}},"loc":{"start":{"line":62,"column":32},"end":{"line":69,"column":3}},"line":62},"6":{"name":"(anonymous_6)","decl":{"start":{"line":71,"column":23},"end":{"line":71,"column":24}},"loc":{"start":{"line":71,"column":43},"end":{"line":78,"column":3}},"line":71},"7":{"name":"(anonymous_7)","decl":{"start":{"line":105,"column":24},"end":{"line":105,"column":25}},"loc":{"start":{"line":106,"column":16},"end":{"line":120,"column":21}},"line":106},"8":{"name":"(anonymous_8)","decl":{"start":{"line":111,"column":85},"end":{"line":111,"column":86}},"loc":{"start":{"line":111,"column":91},"end":{"line":111,"column":108}},"line":111},"9":{"name":"(anonymous_9)","decl":{"start":{"line":114,"column":79},"end":{"line":114,"column":80}},"loc":{"start":{"line":114,"column":85},"end":{"line":114,"column":112}},"line":114},"10":{"name":"(anonymous_10)","decl":{"start":{"line":147,"column":28},"end":{"line":147,"column":29}},"loc":{"start":{"line":147,"column":35},"end":{"line":147,"column":62}},"line":147},"11":{"name":"(anonymous_11)","decl":{"start":{"line":159,"column":28},"end":{"line":159,"column":29}},"loc":{"start":{"line":159,"column":35},"end":{"line":159,"column":62}},"line":159},"12":{"name":"(anonymous_12)","decl":{"start":{"line":169,"column":28},"end":{"line":169,"column":29}},"loc":{"start":{"line":169,"column":35},"end":{"line":169,"column":58}},"line":169}},"branchMap":{"0":{"loc":{"start":{"line":15,"column":5},"end":{"line":24,"column":3}},"type":"if","locations":[{"start":{"line":15,"column":5},"end":{"line":24,"column":3}},{"start":{},"end":{}}],"line":15},"1":{"loc":{"start":{"line":19,"column":23},"end":{"line":19,"column":71}},"type":"binary-expr","locations":[{"start":{"line":19,"column":23},"end":{"line":19,"column":42}},{"start":{"line":19,"column":44},"end":{"line":19,"column":67}},{"start":{"line":19,"column":69},"end":{"line":19,"column":71}}],"line":19},"2":{"loc":{"start":{"line":49,"column":6},"end":{"line":53,"column":7}},"type":"if","locations":[{"start":{"line":49,"column":6},"end":{"line":53,"column":7}},{"start":{"line":51,"column":13},"end":{"line":53,"column":7}}],"line":49},"3":{"loc":{"start":{"line":104,"column":13},"end":{"line":126,"column":13}},"type":"cond-expr","locations":[{"start":{"line":105,"column":14},"end":{"line":121,"column":16}},{"start":{"line":123,"column":14},"end":{"line":125,"column":19}}],"line":104},"4":{"loc":{"start":{"line":109,"column":19},"end":{"line":117,"column":23}},"type":"binary-expr","locations":[{"start":{"line":109,"column":19},"end":{"line":109,"column":43}},{"start":{"line":110,"column":18},"end":{"line":117,"column":23}}],"line":109},"5":{"loc":{"start":{"line":119,"column":20},"end":{"line":119,"column":57}},"type":"binary-expr","locations":[{"start":{"line":119,"column":20},"end":{"line":119,"column":44}},{"start":{"line":119,"column":48},"end":{"line":119,"column":57}}],"line":119},"6":{"loc":{"start":{"line":136,"column":43},"end":{"line":136,"column":88}},"type":"cond-expr","locations":[{"start":{"line":136,"column":64},"end":{"line":136,"column":75}},{"start":{"line":136,"column":78},"end":{"line":136,"column":88}}],"line":136}},"s":{"0":41,"1":40,"2":40,"3":40,"4":40,"5":40,"6":40,"7":40,"8":14,"9":14,"10":3,"11":3,"12":3,"13":3,"14":3,"15":0,"16":14,"17":40,"18":17,"19":17,"20":16,"21":1,"22":40,"23":5,"24":5,"25":5,"26":5,"27":40,"28":2,"29":2,"30":2,"31":2,"32":1,"33":1,"34":2,"35":2,"36":2,"37":0,"38":40,"39":3,"40":3,"41":3,"42":3,"43":3,"44":3,"45":40,"46":1,"47":1,"48":1,"49":0,"50":40,"51":31,"52":3,"53":1,"54":1,"55":2,"56":1},"f":{"0":41,"1":14,"2":17,"3":5,"4":2,"5":3,"6":1,"7":31,"8":3,"9":1,"10":1,"11":2,"12":1},"b":{"0":[3,11],"1":[3,0,0],"2":[1,1],"3":[18,22],"4":[31,28],"5":[31,3],"6":[4,36]},"_coverageSchema":"1a1c01bbd47fc00a2c39e90264f33305004495a9","hash":"fef1f135b9454ca7cc79b26eff050cc5a5edd7c6"}
}
