TN:
SF:src\components\Navbar.jsx
FN:4,Navbar
FN:18,(anonymous_1)
FNF:2
FNH:2
FNDA:5,Navbar
FNDA:1,(anonymous_1)
DA:5,5
DA:6,5
DA:7,5
DA:8,5
DA:9,4
DA:10,4
DA:11,4
DA:12,3
DA:13,3
DA:15,1
DA:18,5
DA:19,1
DA:20,1
DA:23,5
LF:14
LH:14
BRDA:8,0,0,4
BRDA:8,0,1,1
BRDA:13,1,0,3
BRDA:13,1,1,3
BRDA:13,1,2,3
BRDA:27,2,0,5
BRDA:27,2,1,4
BRDA:35,3,0,4
BRDA:35,3,1,2
BRF:9
BRH:9
end_of_record
TN:
SF:src\pages\DashboardPage.jsx
FN:4,DashboardPage
FN:33,(anonymous_1)
FN:37,(anonymous_2)
FN:53,(anonymous_3)
FN:64,(anonymous_4)
FN:85,(anonymous_5)
FN:98,(anonymous_6)
FN:103,(anonymous_7)
FN:103,(anonymous_8)
FN:106,(anonymous_9)
FN:119,(anonymous_10)
FN:120,(anonymous_11)
FN:124,(anonymous_12)
FN:124,(anonymous_13)
FN:128,(anonymous_14)
FN:131,(anonymous_15)
FN:142,(anonymous_16)
FN:144,(anonymous_17)
FN:150,(anonymous_18)
FN:174,(anonymous_19)
FN:184,(anonymous_20)
FN:219,(anonymous_21)
FN:219,(anonymous_22)
FN:223,(anonymous_23)
FN:230,(anonymous_24)
FN:237,(anonymous_25)
FN:238,(anonymous_26)
FN:239,(anonymous_27)
FN:253,(anonymous_28)
FN:255,(anonymous_29)
FN:283,(anonymous_30)
FN:291,(anonymous_31)
FN:299,(anonymous_32)
FN:301,(anonymous_33)
FN:309,(anonymous_34)
FN:310,(anonymous_35)
FN:318,(anonymous_36)
FN:326,(anonymous_37)
FNF:38
FNH:33
FNDA:90,DashboardPage
FNDA:23,(anonymous_1)
FNDA:27,(anonymous_2)
FNDA:13,(anonymous_3)
FNDA:4,(anonymous_4)
FNDA:1,(anonymous_5)
FNDA:3,(anonymous_6)
FNDA:3,(anonymous_7)
FNDA:45,(anonymous_8)
FNDA:0,(anonymous_9)
FNDA:2,(anonymous_10)
FNDA:30,(anonymous_11)
FNDA:2,(anonymous_12)
FNDA:30,(anonymous_13)
FNDA:0,(anonymous_14)
FNDA:0,(anonymous_15)
FNDA:4,(anonymous_16)
FNDA:4,(anonymous_17)
FNDA:2,(anonymous_18)
FNDA:2,(anonymous_19)
FNDA:2,(anonymous_20)
FNDA:3,(anonymous_21)
FNDA:30,(anonymous_22)
FNDA:720,(anonymous_23)
FNDA:882,(anonymous_24)
FNDA:1,(anonymous_25)
FNDA:1,(anonymous_26)
FNDA:0,(anonymous_27)
FNDA:1,(anonymous_28)
FNDA:3,(anonymous_29)
FNDA:180,(anonymous_30)
FNDA:8,(anonymous_31)
FNDA:3,(anonymous_32)
FNDA:61,(anonymous_33)
FNDA:0,(anonymous_34)
FNDA:360,(anonymous_35)
FNDA:1,(anonymous_36)
FNDA:1,(anonymous_37)
DA:5,90
DA:6,90
DA:7,90
DA:8,90
DA:9,90
DA:10,90
DA:11,90
DA:12,90
DA:15,90
DA:16,90
DA:17,90
DA:18,90
DA:19,90
DA:20,90
DA:21,90
DA:24,90
DA:25,90
DA:26,90
DA:28,90
DA:29,90
DA:33,90
DA:34,23
DA:37,90
DA:38,27
DA:39,27
DA:40,27
DA:44,27
DA:45,27
DA:47,0
DA:49,27
DA:53,90
DA:54,13
DA:55,13
DA:56,13
DA:57,13
DA:58,13
DA:59,13
DA:60,13
DA:61,13
DA:64,90
DA:65,4
DA:66,4
DA:67,4
DA:68,4
DA:69,4
DA:71,4
DA:72,1
DA:74,3
DA:77,4
DA:78,4
DA:79,4
DA:81,0
DA:85,90
DA:86,1
DA:87,1
DA:88,1
DA:89,1
DA:90,1
DA:91,1
DA:92,1
DA:93,1
DA:94,1
DA:95,1
DA:98,90
DA:99,3
DA:100,3
DA:102,3
DA:103,45
DA:104,3
DA:106,3
DA:107,0
DA:108,0
DA:109,0
DA:111,0
DA:112,0
DA:114,0
DA:115,0
DA:119,90
DA:120,30
DA:121,2
DA:123,2
DA:124,30
DA:125,2
DA:126,2
DA:128,2
DA:129,0
DA:130,0
DA:131,0
DA:132,0
DA:135,0
DA:136,0
DA:138,0
DA:139,0
DA:142,90
DA:143,4
DA:144,4
DA:145,4
DA:146,4
DA:150,90
DA:151,2
DA:152,2
DA:153,2
DA:154,2
DA:158,2
DA:160,0
DA:162,2
DA:163,2
DA:167,90
DA:174,2
DA:184,2
DA:219,30
DA:224,720
DA:231,882
DA:238,1
DA:239,1
DA:253,1
DA:255,3
DA:284,180
DA:291,8
DA:299,3
DA:302,61
DA:309,0
DA:311,360
DA:318,1
DA:326,1
LF:125
LH:106
BRDA:71,0,0,1
BRDA:71,0,1,3
BRDA:93,1,0,1
BRDA:93,1,1,0
BRDA:100,2,0,0
BRDA:100,2,1,3
BRDA:121,3,0,0
BRDA:121,3,1,2
BRDA:121,4,0,2
BRDA:121,4,1,2
BRDA:151,5,0,0
BRDA:151,5,1,2
BRDA:151,6,0,2
BRDA:151,6,1,2
BRDA:187,7,0,90
BRDA:187,7,1,6
BRDA:195,8,0,90
BRDA:195,8,1,90
BRDA:195,8,2,3
BRDA:203,9,0,90
BRDA:203,9,1,5
BRDA:214,10,0,90
BRDA:214,10,1,90
BRDA:218,11,0,90
BRDA:218,11,1,32
BRDA:219,12,0,2
BRDA:219,12,1,1
BRDA:229,13,0,60
BRDA:229,13,1,30
BRDA:232,14,0,882
BRDA:232,14,1,882
BRDA:239,15,0,0
BRDA:239,15,1,1
BRDA:249,16,0,882
BRDA:249,16,1,0
BRDA:251,17,0,882
BRDA:251,17,1,0
BRDA:254,18,0,882
BRDA:254,18,1,851
BRDA:262,19,0,30
BRDA:262,19,1,0
BRDA:276,20,0,2
BRDA:276,20,1,88
BRF:43
BRH:35
end_of_record
TN:
SF:src\pages\LoginPage.jsx
FN:5,LoginPage
FN:11,(anonymous_1)
FN:43,(anonymous_2)
FN:56,(anonymous_3)
FNF:4
FNH:4
FNDA:10,LoginPage
FNDA:2,(anonymous_1)
FNDA:2,(anonymous_2)
FNDA:2,(anonymous_3)
DA:6,10
DA:7,10
DA:8,10
DA:9,10
DA:11,10
DA:12,2
DA:13,2
DA:14,2
DA:15,2
DA:16,1
DA:17,1
DA:19,1
DA:23,10
DA:43,2
DA:56,2
LF:15
LH:15
BRDA:28,0,0,10
BRDA:28,0,1,1
BRF:2
BRH:2
end_of_record
TN:
SF:src\pages\TrackNestPage.jsx
FN:4,TrackNestPage
FN:32,(anonymous_1)
FN:41,(anonymous_2)
FN:43,(anonymous_3)
FN:46,(anonymous_4)
FN:51,(anonymous_5)
FN:67,(anonymous_6)
FN:80,(anonymous_7)
FN:87,(anonymous_8)
FN:96,(anonymous_9)
FN:107,(anonymous_10)
FN:114,(anonymous_11)
FN:130,(anonymous_12)
FN:132,(anonymous_13)
FN:132,(anonymous_14)
FN:144,(anonymous_15)
FN:150,(anonymous_16)
FN:152,(anonymous_17)
FN:152,(anonymous_18)
FN:154,(anonymous_19)
FN:160,(anonymous_20)
FN:166,(anonymous_21)
FN:180,(anonymous_22)
FN:203,(anonymous_23)
FN:209,(anonymous_24)
FN:218,(anonymous_25)
FN:221,(anonymous_26)
FN:239,(anonymous_27)
FN:245,(anonymous_28)
FN:246,(anonymous_29)
FN:277,(anonymous_30)
FN:289,(anonymous_31)
FN:321,(anonymous_32)
FN:322,(anonymous_33)
FN:331,(anonymous_34)
FN:340,(anonymous_35)
FN:349,(anonymous_36)
FN:356,(anonymous_37)
FN:357,(anonymous_38)
FN:359,(anonymous_39)
FN:370,(anonymous_40)
FN:372,(anonymous_41)
FN:391,(anonymous_42)
FN:394,(anonymous_43)
FN:400,(anonymous_44)
FN:403,(anonymous_45)
FN:432,(anonymous_46)
FN:436,(anonymous_47)
FN:440,(anonymous_48)
FNF:49
FNH:41
FNDA:62,TrackNestPage
FNDA:2,(anonymous_1)
FNDA:22,(anonymous_2)
FNDA:0,(anonymous_3)
FNDA:4,(anonymous_4)
FNDA:29,(anonymous_5)
FNDA:18,(anonymous_6)
FNDA:3,(anonymous_7)
FNDA:2,(anonymous_8)
FNDA:3,(anonymous_9)
FNDA:0,(anonymous_10)
FNDA:1,(anonymous_11)
FNDA:2,(anonymous_12)
FNDA:2,(anonymous_13)
FNDA:2,(anonymous_14)
FNDA:2,(anonymous_15)
FNDA:4,(anonymous_16)
FNDA:1,(anonymous_17)
FNDA:1,(anonymous_18)
FNDA:0,(anonymous_19)
FNDA:1,(anonymous_20)
FNDA:1,(anonymous_21)
FNDA:2,(anonymous_22)
FNDA:1,(anonymous_23)
FNDA:1,(anonymous_24)
FNDA:38,(anonymous_25)
FNDA:4,(anonymous_26)
FNDA:2,(anonymous_27)
FNDA:2,(anonymous_28)
FNDA:2,(anonymous_29)
FNDA:1,(anonymous_30)
FNDA:1,(anonymous_31)
FNDA:0,(anonymous_32)
FNDA:0,(anonymous_33)
FNDA:2,(anonymous_34)
FNDA:2,(anonymous_35)
FNDA:76,(anonymous_36)
FNDA:2,(anonymous_37)
FNDA:2,(anonymous_38)
FNDA:0,(anonymous_39)
FNDA:2,(anonymous_40)
FNDA:3,(anonymous_41)
FNDA:0,(anonymous_42)
FNDA:0,(anonymous_43)
FNDA:1,(anonymous_44)
FNDA:1,(anonymous_45)
FNDA:2,(anonymous_46)
FNDA:1,(anonymous_47)
FNDA:1,(anonymous_48)
DA:5,62
DA:6,61
DA:7,61
DA:8,61
DA:9,61
DA:11,61
DA:12,61
DA:13,61
DA:15,61
DA:16,61
DA:17,61
DA:18,61
DA:21,61
DA:22,61
DA:24,61
DA:25,61
DA:28,61
DA:30,61
DA:32,61
DA:33,2
DA:34,2
DA:35,1
DA:37,2
DA:38,2
DA:41,61
DA:42,22
DA:43,4
DA:44,0
DA:46,4
DA:51,61
DA:52,29
DA:53,29
DA:54,29
DA:57,27
DA:59,2
DA:60,2
DA:63,29
DA:67,61
DA:68,18
DA:69,18
DA:70,18
DA:71,18
DA:72,18
DA:74,0
DA:77,18
DA:80,61
DA:81,3
DA:82,3
DA:83,3
DA:84,3
DA:87,61
DA:88,2
DA:89,2
DA:90,2
DA:91,2
DA:92,2
DA:93,2
DA:96,61
DA:97,3
DA:98,3
DA:99,3
DA:100,3
DA:101,3
DA:102,3
DA:105,3
DA:106,3
DA:107,3
DA:109,0
DA:110,0
DA:114,61
DA:115,1
DA:116,1
DA:117,1
DA:118,1
DA:119,1
DA:122,1
DA:124,0
DA:126,1
DA:130,61
DA:132,2
DA:133,2
DA:134,0
DA:135,0
DA:138,2
DA:139,2
DA:141,2
DA:142,2
DA:143,2
DA:145,2
DA:150,4
DA:151,2
DA:152,2
DA:153,2
DA:154,2
DA:156,0
DA:160,61
DA:161,1
DA:162,1
DA:163,1
DA:164,1
DA:165,1
DA:167,1
DA:172,1
DA:174,0
DA:176,1
DA:180,61
DA:181,2
DA:182,2
DA:183,2
DA:184,2
DA:185,2
DA:186,1
DA:187,1
DA:191,1
DA:195,2
DA:196,2
DA:197,2
DA:199,0
DA:203,61
DA:204,1
DA:205,1
DA:209,61
DA:210,1
DA:211,1
DA:214,61
DA:215,61
DA:218,61
DA:219,38
DA:221,4
DA:222,4
DA:223,4
DA:226,4
DA:227,4
DA:229,4
DA:230,2
DA:231,0
DA:233,4
DA:236,61
DA:237,61
DA:239,61
DA:240,2
DA:242,2
DA:245,61
DA:246,2
DA:248,2
DA:249,1
DA:254,1
DA:256,2
DA:258,2
DA:262,61
DA:263,18
DA:270,43
DA:277,1
DA:289,1
DA:322,0
DA:331,2
DA:340,2
DA:350,76
DA:357,2
DA:358,2
DA:359,0
DA:370,2
DA:372,3
DA:391,0
DA:394,0
DA:400,1
DA:403,1
DA:432,2
DA:436,1
DA:440,1
LF:170
LH:155
BRDA:34,0,0,1
BRDA:34,0,1,1
BRDA:34,1,0,2
BRDA:34,1,1,1
BRDA:42,2,0,4
BRDA:42,2,1,18
BRDA:51,3,0,28
BRDA:98,4,0,0
BRDA:98,4,1,3
BRDA:115,5,0,0
BRDA:115,5,1,1
BRDA:133,6,0,0
BRDA:133,6,1,2
BRDA:139,7,0,0
BRDA:139,7,1,2
BRDA:161,8,0,0
BRDA:161,8,1,1
BRDA:185,9,0,1
BRDA:185,9,1,1
BRDA:204,10,0,1
BRDA:204,10,1,0
BRDA:219,11,0,34
BRDA:219,11,1,4
BRDA:226,12,0,4
BRDA:226,12,1,0
BRDA:227,13,0,4
BRDA:227,13,1,0
BRDA:229,14,0,2
BRDA:229,14,1,2
BRDA:229,15,0,1
BRDA:229,15,1,1
BRDA:230,16,0,2
BRDA:230,16,1,0
BRDA:230,17,0,1
BRDA:230,17,1,1
BRDA:248,18,0,1
BRDA:248,18,1,1
BRDA:251,19,0,1
BRDA:251,19,1,0
BRDA:262,20,0,18
BRDA:262,20,1,43
BRDA:274,21,0,43
BRDA:274,21,1,2
BRDA:304,22,0,43
BRDA:304,22,1,43
BRDA:304,22,2,2
BRDA:316,23,0,43
BRDA:316,23,1,43
BRDA:320,24,0,43
BRDA:320,24,1,5
BRDA:322,25,0,0
BRDA:322,25,1,0
BRDA:334,26,0,43
BRDA:334,26,1,4
BRDA:334,26,2,2
BRDA:334,27,0,1
BRDA:334,27,1,1
BRDA:342,28,0,43
BRDA:342,28,1,4
BRDA:342,28,2,2
BRDA:342,29,0,1
BRDA:342,29,1,1
BRDA:348,30,0,38
BRDA:348,30,1,5
BRDA:351,31,0,76
BRDA:351,31,1,76
BRDA:358,32,0,0
BRDA:358,32,1,2
BRDA:371,33,0,76
BRDA:371,33,1,74
BRDA:379,34,0,5
BRDA:379,34,1,0
BRDA:390,35,0,43
BRDA:390,35,1,42
BRDA:393,36,0,43
BRDA:393,36,1,42
BRDA:399,37,0,43
BRDA:399,37,1,38
BRDA:402,38,0,43
BRDA:402,38,1,38
BRDA:408,39,0,43
BRDA:408,39,1,3
BRDA:415,40,0,43
BRDA:415,40,1,1
BRDA:426,41,0,3
BRDA:426,41,1,40
BRF:86
BRH:72
end_of_record
TN:
SF:src\pages\UserPage.jsx
FN:4,UsersPage
FN:13,(anonymous_1)
FN:29,(anonymous_2)
FN:38,(anonymous_3)
FN:45,(anonymous_4)
FN:62,(anonymous_5)
FN:71,(anonymous_6)
FN:105,(anonymous_7)
FN:111,(anonymous_8)
FN:114,(anonymous_9)
FN:147,(anonymous_10)
FN:159,(anonymous_11)
FN:169,(anonymous_12)
FNF:13
FNH:13
FNDA:41,UsersPage
FNDA:14,(anonymous_1)
FNDA:17,(anonymous_2)
FNDA:5,(anonymous_3)
FNDA:2,(anonymous_4)
FNDA:3,(anonymous_5)
FNDA:1,(anonymous_6)
FNDA:31,(anonymous_7)
FNDA:3,(anonymous_8)
FNDA:1,(anonymous_9)
FNDA:1,(anonymous_10)
FNDA:2,(anonymous_11)
FNDA:1,(anonymous_12)
DA:5,41
DA:6,40
DA:7,40
DA:8,40
DA:9,40
DA:10,40
DA:11,40
DA:13,40
DA:14,14
DA:15,14
DA:16,3
DA:17,3
DA:18,3
DA:19,3
DA:20,3
DA:22,0
DA:26,14
DA:29,40
DA:30,17
DA:31,17
DA:32,16
DA:34,1
DA:38,40
DA:39,5
DA:40,5
DA:41,5
DA:42,5
DA:45,40
DA:46,2
DA:47,2
DA:48,2
DA:49,2
DA:50,1
DA:52,1
DA:54,2
DA:55,2
DA:56,2
DA:58,0
DA:62,40
DA:63,3
DA:64,3
DA:65,3
DA:66,3
DA:67,3
DA:68,3
DA:71,40
DA:72,1
DA:73,1
DA:74,1
DA:76,0
DA:80,40
DA:106,31
DA:111,3
DA:114,1
DA:147,1
DA:159,2
DA:169,1
LF:57
LH:54
BRDA:15,0,0,3
BRDA:15,0,1,11
BRDA:19,1,0,3
BRDA:19,1,1,0
BRDA:19,1,2,0
BRDA:49,2,0,1
BRDA:49,2,1,1
BRDA:104,3,0,18
BRDA:104,3,1,22
BRDA:109,4,0,31
BRDA:109,4,1,28
BRDA:119,5,0,31
BRDA:119,5,1,3
BRDA:136,6,0,4
BRDA:136,6,1,36
BRF:15
BRH:13
end_of_record
