{"C:\\Users\\geeth\\Downloads\\frontend\\frontend\\src\\components\\Navbar.jsx": {"path":"C:\\Users\\geeth\\Downloads\\frontend\\frontend\\src\\components\\Navbar.jsx","statementMap":{"0":{"start":{"line":5,"column":19},"end":{"line":5,"column":32}},"1":{"start":{"line":6,"column":16},"end":{"line":6,"column":45}},"2":{"start":{"line":7,"column":16},"end":{"line":7,"column":21}},"3":{"start":{"line":8,"column":2},"end":{"line":18,"column":3}},"4":{"start":{"line":9,"column":4},"end":{"line":17,"column":5}},"5":{"start":{"line":10,"column":28},"end":{"line":10,"column":47}},"6":{"start":{"line":11,"column":29},"end":{"line":11,"column":60}},"7":{"start":{"line":12,"column":6},"end":{"line":12,"column":63}},"8":{"start":{"line":13,"column":23},"end":{"line":13,"column":71}},"9":{"start":{"line":14,"column":6},"end":{"line":14,"column":36}},"10":{"start":{"line":16,"column":6},"end":{"line":16,"column":50}},"11":{"start":{"line":19,"column":23},"end":{"line":22,"column":3}},"12":{"start":{"line":20,"column":4},"end":{"line":20,"column":37}},"13":{"start":{"line":21,"column":4},"end":{"line":21,"column":23}},"14":{"start":{"line":24,"column":2},"end":{"line":54,"column":4}}},"fnMap":{"0":{"name":"Navbar","decl":{"start":{"line":4,"column":24},"end":{"line":4,"column":30}},"loc":{"start":{"line":4,"column":33},"end":{"line":55,"column":1}},"line":4},"1":{"name":"(anonymous_1)","decl":{"start":{"line":19,"column":23},"end":{"line":19,"column":24}},"loc":{"start":{"line":19,"column":29},"end":{"line":22,"column":3}},"line":19}},"branchMap":{"0":{"loc":{"start":{"line":8,"column":2},"end":{"line":18,"column":3}},"type":"if","locations":[{"start":{"line":8,"column":2},"end":{"line":18,"column":3}},{"start":{},"end":{}}],"line":8},"1":{"loc":{"start":{"line":13,"column":23},"end":{"line":13,"column":71}},"type":"binary-expr","locations":[{"start":{"line":13,"column":23},"end":{"line":13,"column":42}},{"start":{"line":13,"column":44},"end":{"line":13,"column":67}},{"start":{"line":13,"column":69},"end":{"line":13,"column":71}}],"line":13},"2":{"loc":{"start":{"line":28,"column":11},"end":{"line":49,"column":11}},"type":"binary-expr","locations":[{"start":{"line":28,"column":11},"end":{"line":28,"column":16}},{"start":{"line":29,"column":12},"end":{"line":48,"column":15}}],"line":28},"3":{"loc":{"start":{"line":36,"column":15},"end":{"line":40,"column":15}},"type":"binary-expr","locations":[{"start":{"line":36,"column":15},"end":{"line":36,"column":22}},{"start":{"line":37,"column":16},"end":{"line":39,"column":23}}],"line":36}},"s":{"0":5,"1":5,"2":5,"3":5,"4":4,"5":4,"6":4,"7":3,"8":3,"9":3,"10":1,"11":5,"12":1,"13":1,"14":5},"f":{"0":5,"1":1},"b":{"0":[4,1],"1":[3,3,3],"2":[5,4],"3":[4,2]},"_coverageSchema":"1a1c01bbd47fc00a2c39e90264f33305004495a9","hash":"43d44d2ae2601a1cadbd6066a4c126ac7f077239"}
,"C:\\Users\\geeth\\Downloads\\frontend\\frontend\\src\\pages\\DashboardPage.jsx": {"path":"C:\\Users\\geeth\\Downloads\\frontend\\frontend\\src\\pages\\DashboardPage.jsx","statementMap":{"0":{"start":{"line":5,"column":42},"end":{"line":5,"column":54}},"1":{"start":{"line":6,"column":30},"end":{"line":6,"column":42}},"2":{"start":{"line":7,"column":32},"end":{"line":7,"column":46}},"3":{"start":{"line":8,"column":38},"end":{"line":8,"column":50}},"4":{"start":{"line":9,"column":34},"end":{"line":9,"column":46}},"5":{"start":{"line":10,"column":36},"end":{"line":10,"column":50}},"6":{"start":{"line":12,"column":28},"end":{"line":12,"column":40}},"7":{"start":{"line":13,"column":26},"end":{"line":13,"column":45}},"8":{"start":{"line":14,"column":40},"end":{"line":14,"column":52}},"9":{"start":{"line":15,"column":38},"end":{"line":15,"column":57}},"10":{"start":{"line":16,"column":26},"end":{"line":16,"column":38}},"11":{"start":{"line":17,"column":36},"end":{"line":17,"column":48}},"12":{"start":{"line":18,"column":28},"end":{"line":18,"column":40}},"13":{"start":{"line":20,"column":23},"end":{"line":20,"column":31}},"14":{"start":{"line":22,"column":2},"end":{"line":52,"column":9}},"15":{"start":{"line":23,"column":20},"end":{"line":23,"column":25}},"16":{"start":{"line":25,"column":22},"end":{"line":48,"column":5}},"17":{"start":{"line":26,"column":6},"end":{"line":47,"column":7}},"18":{"start":{"line":27,"column":22},"end":{"line":27,"column":51}},"19":{"start":{"line":28,"column":8},"end":{"line":28,"column":27}},"20":{"start":{"line":28,"column":20},"end":{"line":28,"column":27}},"21":{"start":{"line":30,"column":38},"end":{"line":37,"column":10}},"22":{"start":{"line":39,"column":8},"end":{"line":42,"column":9}},"23":{"start":{"line":40,"column":10},"end":{"line":40,"column":41}},"24":{"start":{"line":41,"column":10},"end":{"line":41,"column":36}},"25":{"start":{"line":44,"column":8},"end":{"line":44,"column":51}},"26":{"start":{"line":46,"column":8},"end":{"line":46,"column":42}},"27":{"start":{"line":46,"column":24},"end":{"line":46,"column":42}},"28":{"start":{"line":50,"column":4},"end":{"line":50,"column":16}},"29":{"start":{"line":51,"column":4},"end":{"line":51,"column":36}},"30":{"start":{"line":51,"column":18},"end":{"line":51,"column":34}},"31":{"start":{"line":54,"column":24},"end":{"line":63,"column":3}},"32":{"start":{"line":55,"column":4},"end":{"line":55,"column":17}},"33":{"start":{"line":56,"column":4},"end":{"line":56,"column":23}},"34":{"start":{"line":57,"column":4},"end":{"line":57,"column":23}},"35":{"start":{"line":58,"column":4},"end":{"line":58,"column":29}},"36":{"start":{"line":59,"column":4},"end":{"line":59,"column":16}},"37":{"start":{"line":60,"column":4},"end":{"line":60,"column":21}},"38":{"start":{"line":61,"column":4},"end":{"line":61,"column":17}},"39":{"start":{"line":62,"column":4},"end":{"line":62,"column":23}},"40":{"start":{"line":65,"column":27},"end":{"line":91,"column":3}},"41":{"start":{"line":66,"column":4},"end":{"line":66,"column":23}},"42":{"start":{"line":67,"column":4},"end":{"line":90,"column":5}},"43":{"start":{"line":68,"column":19},"end":{"line":76,"column":7}},"44":{"start":{"line":77,"column":20},"end":{"line":77,"column":49}},"45":{"start":{"line":78,"column":21},"end":{"line":78,"column":70}},"46":{"start":{"line":80,"column":6},"end":{"line":84,"column":7}},"47":{"start":{"line":81,"column":8},"end":{"line":81,"column":84}},"48":{"start":{"line":83,"column":8},"end":{"line":83,"column":55}},"49":{"start":{"line":85,"column":6},"end":{"line":85,"column":64}},"50":{"start":{"line":86,"column":6},"end":{"line":86,"column":22}},"51":{"start":{"line":87,"column":6},"end":{"line":87,"column":25}},"52":{"start":{"line":89,"column":6},"end":{"line":89,"column":47}},"53":{"start":{"line":93,"column":27},"end":{"line":103,"column":3}},"54":{"start":{"line":94,"column":4},"end":{"line":102,"column":5}},"55":{"start":{"line":95,"column":20},"end":{"line":95,"column":49}},"56":{"start":{"line":96,"column":18},"end":{"line":98,"column":8}},"57":{"start":{"line":99,"column":6},"end":{"line":99,"column":32}},"58":{"start":{"line":101,"column":6},"end":{"line":101,"column":50}},"59":{"start":{"line":105,"column":25},"end":{"line":116,"column":3}},"60":{"start":{"line":106,"column":17},"end":{"line":106,"column":36}},"61":{"start":{"line":107,"column":4},"end":{"line":107,"column":25}},"62":{"start":{"line":108,"column":4},"end":{"line":108,"column":23}},"63":{"start":{"line":109,"column":4},"end":{"line":109,"column":37}},"64":{"start":{"line":110,"column":4},"end":{"line":110,"column":35}},"65":{"start":{"line":111,"column":4},"end":{"line":111,"column":23}},"66":{"start":{"line":112,"column":4},"end":{"line":112,"column":33}},"67":{"start":{"line":113,"column":4},"end":{"line":113,"column":35}},"68":{"start":{"line":114,"column":4},"end":{"line":114,"column":24}},"69":{"start":{"line":115,"column":4},"end":{"line":115,"column":53}},"70":{"start":{"line":118,"column":27},"end":{"line":128,"column":3}},"71":{"start":{"line":119,"column":4},"end":{"line":127,"column":5}},"72":{"start":{"line":120,"column":20},"end":{"line":120,"column":49}},"73":{"start":{"line":121,"column":6},"end":{"line":123,"column":9}},"74":{"start":{"line":124,"column":6},"end":{"line":124,"column":25}},"75":{"start":{"line":126,"column":6},"end":{"line":126,"column":49}},"76":{"start":{"line":130,"column":23},"end":{"line":145,"column":3}},"77":{"start":{"line":131,"column":4},"end":{"line":131,"column":41}},"78":{"start":{"line":131,"column":34},"end":{"line":131,"column":41}},"79":{"start":{"line":132,"column":4},"end":{"line":144,"column":5}},"80":{"start":{"line":133,"column":20},"end":{"line":133,"column":49}},"81":{"start":{"line":134,"column":18},"end":{"line":137,"column":8}},"82":{"start":{"line":138,"column":6},"end":{"line":138,"column":32}},"83":{"start":{"line":140,"column":6},"end":{"line":140,"column":43}},"84":{"start":{"line":142,"column":6},"end":{"line":142,"column":22}},"85":{"start":{"line":143,"column":6},"end":{"line":143,"column":24}},"86":{"start":{"line":147,"column":2},"end":{"line":310,"column":4}},"87":{"start":{"line":154,"column":85},"end":{"line":154,"column":112}},"88":{"start":{"line":165,"column":31},"end":{"line":165,"column":60}},"89":{"start":{"line":184,"column":18},"end":{"line":184,"column":44}},"90":{"start":{"line":191,"column":18},"end":{"line":207,"column":23}},"91":{"start":{"line":200,"column":93},"end":{"line":200,"column":114}},"92":{"start":{"line":203,"column":87},"end":{"line":203,"column":110}},"93":{"start":{"line":234,"column":16},"end":{"line":244,"column":22}},"94":{"start":{"line":241,"column":37},"end":{"line":241,"column":61}},"95":{"start":{"line":254,"column":35},"end":{"line":254,"column":59}},"96":{"start":{"line":259,"column":20},"end":{"line":259,"column":75}},"97":{"start":{"line":270,"column":35},"end":{"line":270,"column":58}},"98":{"start":{"line":273,"column":20},"end":{"line":273,"column":52}},"99":{"start":{"line":285,"column":35},"end":{"line":285,"column":64}},"100":{"start":{"line":298,"column":35},"end":{"line":298,"column":58}}},"fnMap":{"0":{"name":"DashboardPage","decl":{"start":{"line":4,"column":24},"end":{"line":4,"column":37}},"loc":{"start":{"line":4,"column":40},"end":{"line":311,"column":1}},"line":4},"1":{"name":"(anonymous_1)","decl":{"start":{"line":22,"column":12},"end":{"line":22,"column":13}},"loc":{"start":{"line":22,"column":18},"end":{"line":52,"column":3}},"line":22},"2":{"name":"(anonymous_2)","decl":{"start":{"line":25,"column":22},"end":{"line":25,"column":23}},"loc":{"start":{"line":25,"column":34},"end":{"line":48,"column":5}},"line":25},"3":{"name":"(anonymous_3)","decl":{"start":{"line":51,"column":11},"end":{"line":51,"column":12}},"loc":{"start":{"line":51,"column":18},"end":{"line":51,"column":34}},"line":51},"4":{"name":"(anonymous_4)","decl":{"start":{"line":54,"column":24},"end":{"line":54,"column":25}},"loc":{"start":{"line":54,"column":30},"end":{"line":63,"column":3}},"line":54},"5":{"name":"(anonymous_5)","decl":{"start":{"line":65,"column":27},"end":{"line":65,"column":28}},"loc":{"start":{"line":65,"column":40},"end":{"line":91,"column":3}},"line":65},"6":{"name":"(anonymous_6)","decl":{"start":{"line":93,"column":27},"end":{"line":93,"column":28}},"loc":{"start":{"line":93,"column":39},"end":{"line":103,"column":3}},"line":93},"7":{"name":"(anonymous_7)","decl":{"start":{"line":105,"column":25},"end":{"line":105,"column":26}},"loc":{"start":{"line":105,"column":36},"end":{"line":116,"column":3}},"line":105},"8":{"name":"(anonymous_8)","decl":{"start":{"line":118,"column":27},"end":{"line":118,"column":28}},"loc":{"start":{"line":118,"column":44},"end":{"line":128,"column":3}},"line":118},"9":{"name":"(anonymous_9)","decl":{"start":{"line":130,"column":23},"end":{"line":130,"column":24}},"loc":{"start":{"line":130,"column":35},"end":{"line":145,"column":3}},"line":130},"10":{"name":"(anonymous_10)","decl":{"start":{"line":154,"column":78},"end":{"line":154,"column":79}},"loc":{"start":{"line":154,"column":85},"end":{"line":154,"column":112}},"line":154},"11":{"name":"(anonymous_11)","decl":{"start":{"line":165,"column":24},"end":{"line":165,"column":25}},"loc":{"start":{"line":165,"column":31},"end":{"line":165,"column":60}},"line":165},"12":{"name":"(anonymous_12)","decl":{"start":{"line":183,"column":110},"end":{"line":183,"column":111}},"loc":{"start":{"line":184,"column":18},"end":{"line":184,"column":44}},"line":184},"13":{"name":"(anonymous_13)","decl":{"start":{"line":190,"column":33},"end":{"line":190,"column":34}},"loc":{"start":{"line":191,"column":18},"end":{"line":207,"column":23}},"line":191},"14":{"name":"(anonymous_14)","decl":{"start":{"line":200,"column":87},"end":{"line":200,"column":88}},"loc":{"start":{"line":200,"column":93},"end":{"line":200,"column":114}},"line":200},"15":{"name":"(anonymous_15)","decl":{"start":{"line":203,"column":81},"end":{"line":203,"column":82}},"loc":{"start":{"line":203,"column":87},"end":{"line":203,"column":110}},"line":203},"16":{"name":"(anonymous_16)","decl":{"start":{"line":233,"column":20},"end":{"line":233,"column":21}},"loc":{"start":{"line":234,"column":16},"end":{"line":244,"column":22}},"line":234},"17":{"name":"(anonymous_17)","decl":{"start":{"line":241,"column":30},"end":{"line":241,"column":31}},"loc":{"start":{"line":241,"column":37},"end":{"line":241,"column":61}},"line":241},"18":{"name":"(anonymous_18)","decl":{"start":{"line":254,"column":28},"end":{"line":254,"column":29}},"loc":{"start":{"line":254,"column":35},"end":{"line":254,"column":59}},"line":254},"19":{"name":"(anonymous_19)","decl":{"start":{"line":258,"column":30},"end":{"line":258,"column":31}},"loc":{"start":{"line":259,"column":20},"end":{"line":259,"column":75}},"line":259},"20":{"name":"(anonymous_20)","decl":{"start":{"line":270,"column":28},"end":{"line":270,"column":29}},"loc":{"start":{"line":270,"column":35},"end":{"line":270,"column":58}},"line":270},"21":{"name":"(anonymous_21)","decl":{"start":{"line":272,"column":63},"end":{"line":272,"column":64}},"loc":{"start":{"line":273,"column":20},"end":{"line":273,"column":52}},"line":273},"22":{"name":"(anonymous_22)","decl":{"start":{"line":285,"column":28},"end":{"line":285,"column":29}},"loc":{"start":{"line":285,"column":35},"end":{"line":285,"column":64}},"line":285},"23":{"name":"(anonymous_23)","decl":{"start":{"line":298,"column":28},"end":{"line":298,"column":29}},"loc":{"start":{"line":298,"column":35},"end":{"line":298,"column":58}},"line":298}},"branchMap":{"0":{"loc":{"start":{"line":28,"column":8},"end":{"line":28,"column":27}},"type":"if","locations":[{"start":{"line":28,"column":8},"end":{"line":28,"column":27}},{"start":{},"end":{}}],"line":28},"1":{"loc":{"start":{"line":39,"column":8},"end":{"line":42,"column":9}},"type":"if","locations":[{"start":{"line":39,"column":8},"end":{"line":42,"column":9}},{"start":{},"end":{}}],"line":39},"2":{"loc":{"start":{"line":46,"column":8},"end":{"line":46,"column":42}},"type":"if","locations":[{"start":{"line":46,"column":8},"end":{"line":46,"column":42}},{"start":{},"end":{}}],"line":46},"3":{"loc":{"start":{"line":80,"column":6},"end":{"line":84,"column":7}},"type":"if","locations":[{"start":{"line":80,"column":6},"end":{"line":84,"column":7}},{"start":{"line":82,"column":13},"end":{"line":84,"column":7}}],"line":80},"4":{"loc":{"start":{"line":113,"column":13},"end":{"line":113,"column":33}},"type":"binary-expr","locations":[{"start":{"line":113,"column":13},"end":{"line":113,"column":27}},{"start":{"line":113,"column":31},"end":{"line":113,"column":33}}],"line":113},"5":{"loc":{"start":{"line":131,"column":4},"end":{"line":131,"column":41}},"type":"if","locations":[{"start":{"line":131,"column":4},"end":{"line":131,"column":41}},{"start":{},"end":{}}],"line":131},"6":{"loc":{"start":{"line":131,"column":8},"end":{"line":131,"column":32}},"type":"binary-expr","locations":[{"start":{"line":131,"column":8},"end":{"line":131,"column":17}},{"start":{"line":131,"column":21},"end":{"line":131,"column":32}}],"line":131},"7":{"loc":{"start":{"line":169,"column":91},"end":{"line":169,"column":115}},"type":"binary-expr","locations":[{"start":{"line":169,"column":91},"end":{"line":169,"column":100}},{"start":{"line":169,"column":104},"end":{"line":169,"column":115}}],"line":169},"8":{"loc":{"start":{"line":189,"column":15},"end":{"line":215,"column":15}},"type":"cond-expr","locations":[{"start":{"line":190,"column":16},"end":{"line":208,"column":18}},{"start":{"line":210,"column":16},"end":{"line":214,"column":21}}],"line":189},"9":{"loc":{"start":{"line":196,"column":25},"end":{"line":196,"column":83}},"type":"cond-expr","locations":[{"start":{"line":196,"column":37},"end":{"line":196,"column":77}},{"start":{"line":196,"column":80},"end":{"line":196,"column":83}}],"line":196},"10":{"loc":{"start":{"line":198,"column":25},"end":{"line":198,"column":48}},"type":"binary-expr","locations":[{"start":{"line":198,"column":25},"end":{"line":198,"column":41}},{"start":{"line":198,"column":45},"end":{"line":198,"column":48}}],"line":198},"11":{"loc":{"start":{"line":226,"column":43},"end":{"line":226,"column":92}},"type":"cond-expr","locations":[{"start":{"line":226,"column":64},"end":{"line":226,"column":75}},{"start":{"line":226,"column":78},"end":{"line":226,"column":92}}],"line":226}},"s":{"0":16,"1":16,"2":16,"3":16,"4":16,"5":16,"6":16,"7":16,"8":16,"9":16,"10":16,"11":16,"12":16,"13":16,"14":16,"15":4,"16":4,"17":4,"18":4,"19":4,"20":0,"21":4,"22":4,"23":4,"24":4,"25":0,"26":4,"27":4,"28":4,"29":4,"30":4,"31":16,"32":1,"33":1,"34":1,"35":1,"36":1,"37":1,"38":1,"39":1,"40":16,"41":2,"42":2,"43":2,"44":2,"45":2,"46":2,"47":1,"48":1,"49":2,"50":0,"51":0,"52":2,"53":16,"54":1,"55":1,"56":1,"57":1,"58":1,"59":16,"60":1,"61":1,"62":1,"63":1,"64":1,"65":1,"66":1,"67":1,"68":1,"69":1,"70":16,"71":1,"72":1,"73":1,"74":1,"75":0,"76":16,"77":0,"78":0,"79":0,"80":0,"81":0,"82":0,"83":0,"84":0,"85":0,"86":16,"87":0,"88":0,"89":128,"90":11,"91":1,"92":1,"93":32,"94":3,"95":1,"96":22,"97":1,"98":64,"99":1,"100":1},"f":{"0":16,"1":4,"2":4,"3":4,"4":1,"5":2,"6":1,"7":1,"8":1,"9":0,"10":0,"11":0,"12":128,"13":11,"14":1,"15":1,"16":32,"17":3,"18":1,"19":22,"20":1,"21":64,"22":1,"23":1},"b":{"0":[0,4],"1":[4,0],"2":[4,0],"3":[1,1],"4":[1,0],"5":[0,0],"6":[0,0],"7":[16,0],"8":[11,5],"9":[11,0],"10":[11,0],"11":[2,14]},"_coverageSchema":"1a1c01bbd47fc00a2c39e90264f33305004495a9","hash":"e77cecb27edea1bb94c8bdd2837c1daec11542e1"}
,"C:\\Users\\geeth\\Downloads\\frontend\\frontend\\src\\pages\\LoginPage.jsx": {"path":"C:\\Users\\geeth\\Downloads\\frontend\\frontend\\src\\pages\\LoginPage.jsx","statementMap":{"0":{"start":{"line":6,"column":34},"end":{"line":6,"column":46}},"1":{"start":{"line":7,"column":34},"end":{"line":7,"column":46}},"2":{"start":{"line":8,"column":28},"end":{"line":8,"column":40}},"3":{"start":{"line":9,"column":19},"end":{"line":9,"column":32}},"4":{"start":{"line":11,"column":22},"end":{"line":21,"column":3}},"5":{"start":{"line":12,"column":4},"end":{"line":12,"column":23}},"6":{"start":{"line":13,"column":4},"end":{"line":13,"column":17}},"7":{"start":{"line":14,"column":4},"end":{"line":20,"column":5}},"8":{"start":{"line":15,"column":18},"end":{"line":15,"column":94}},"9":{"start":{"line":16,"column":6},"end":{"line":16,"column":64}},"10":{"start":{"line":17,"column":6},"end":{"line":17,"column":29}},"11":{"start":{"line":19,"column":6},"end":{"line":19,"column":47}},"12":{"start":{"line":23,"column":2},"end":{"line":69,"column":4}},"13":{"start":{"line":43,"column":31},"end":{"line":43,"column":58}},"14":{"start":{"line":56,"column":31},"end":{"line":56,"column":58}}},"fnMap":{"0":{"name":"LoginPage","decl":{"start":{"line":5,"column":24},"end":{"line":5,"column":33}},"loc":{"start":{"line":5,"column":36},"end":{"line":70,"column":1}},"line":5},"1":{"name":"(anonymous_1)","decl":{"start":{"line":11,"column":22},"end":{"line":11,"column":23}},"loc":{"start":{"line":11,"column":35},"end":{"line":21,"column":3}},"line":11},"2":{"name":"(anonymous_2)","decl":{"start":{"line":43,"column":24},"end":{"line":43,"column":25}},"loc":{"start":{"line":43,"column":31},"end":{"line":43,"column":58}},"line":43},"3":{"name":"(anonymous_3)","decl":{"start":{"line":56,"column":24},"end":{"line":56,"column":25}},"loc":{"start":{"line":56,"column":31},"end":{"line":56,"column":58}},"line":56}},"branchMap":{"0":{"loc":{"start":{"line":28,"column":9},"end":{"line":32,"column":9}},"type":"binary-expr","locations":[{"start":{"line":28,"column":9},"end":{"line":28,"column":14}},{"start":{"line":29,"column":10},"end":{"line":31,"column":16}}],"line":28}},"s":{"0":10,"1":10,"2":10,"3":10,"4":10,"5":2,"6":2,"7":2,"8":2,"9":1,"10":1,"11":1,"12":10,"13":2,"14":2},"f":{"0":10,"1":2,"2":2,"3":2},"b":{"0":[10,1]},"_coverageSchema":"1a1c01bbd47fc00a2c39e90264f33305004495a9","hash":"063ec08f1f24f7480c792102b78733fb122e8781"}
,"C:\\Users\\geeth\\Downloads\\frontend\\frontend\\src\\pages\\TrackNestPage.jsx": {"path":"C:\\Users\\geeth\\Downloads\\frontend\\frontend\\src\\pages\\TrackNestPage.jsx","statementMap":{"0":{"start":{"line":5,"column":36},"end":{"line":5,"column":48}},"1":{"start":{"line":6,"column":32},"end":{"line":6,"column":46}},"2":{"start":{"line":7,"column":36},"end":{"line":7,"column":50}},"3":{"start":{"line":8,"column":38},"end":{"line":8,"column":50}},"4":{"start":{"line":10,"column":26},"end":{"line":10,"column":38}},"5":{"start":{"line":11,"column":40},"end":{"line":11,"column":52}},"6":{"start":{"line":12,"column":38},"end":{"line":12,"column":57}},"7":{"start":{"line":14,"column":19},"end":{"line":14,"column":27}},"8":{"start":{"line":16,"column":22},"end":{"line":28,"column":3}},"9":{"start":{"line":17,"column":4},"end":{"line":27,"column":5}},"10":{"start":{"line":18,"column":20},"end":{"line":18,"column":49}},"11":{"start":{"line":19,"column":18},"end":{"line":21,"column":8}},"12":{"start":{"line":22,"column":6},"end":{"line":22,"column":26}},"13":{"start":{"line":24,"column":6},"end":{"line":24,"column":58}},"14":{"start":{"line":26,"column":6},"end":{"line":26,"column":24}},"15":{"start":{"line":30,"column":2},"end":{"line":32,"column":9}},"16":{"start":{"line":31,"column":4},"end":{"line":31,"column":18}},"17":{"start":{"line":34,"column":20},"end":{"line":39,"column":3}},"18":{"start":{"line":35,"column":4},"end":{"line":35,"column":16}},"19":{"start":{"line":36,"column":4},"end":{"line":36,"column":23}},"20":{"start":{"line":37,"column":4},"end":{"line":37,"column":29}},"21":{"start":{"line":38,"column":4},"end":{"line":38,"column":23}},"22":{"start":{"line":41,"column":26},"end":{"line":48,"column":3}},"23":{"start":{"line":42,"column":18},"end":{"line":42,"column":37}},"24":{"start":{"line":43,"column":4},"end":{"line":43,"column":24}},"25":{"start":{"line":44,"column":4},"end":{"line":44,"column":38}},"26":{"start":{"line":45,"column":4},"end":{"line":45,"column":36}},"27":{"start":{"line":46,"column":4},"end":{"line":46,"column":24}},"28":{"start":{"line":47,"column":4},"end":{"line":47,"column":49}},"29":{"start":{"line":50,"column":28},"end":{"line":61,"column":3}},"30":{"start":{"line":51,"column":4},"end":{"line":60,"column":5}},"31":{"start":{"line":52,"column":20},"end":{"line":52,"column":49}},"32":{"start":{"line":53,"column":22},"end":{"line":53,"column":44}},"33":{"start":{"line":54,"column":6},"end":{"line":56,"column":9}},"34":{"start":{"line":57,"column":6},"end":{"line":57,"column":20}},"35":{"start":{"line":59,"column":6},"end":{"line":59,"column":50}},"36":{"start":{"line":63,"column":23},"end":{"line":84,"column":3}},"37":{"start":{"line":64,"column":4},"end":{"line":64,"column":23}},"38":{"start":{"line":65,"column":18},"end":{"line":65,"column":47}},"39":{"start":{"line":66,"column":18},"end":{"line":66,"column":51}},"40":{"start":{"line":67,"column":4},"end":{"line":83,"column":5}},"41":{"start":{"line":68,"column":6},"end":{"line":77,"column":7}},"42":{"start":{"line":69,"column":24},"end":{"line":69,"column":50}},"43":{"start":{"line":70,"column":8},"end":{"line":72,"column":11}},"44":{"start":{"line":74,"column":8},"end":{"line":76,"column":11}},"45":{"start":{"line":78,"column":6},"end":{"line":78,"column":60}},"46":{"start":{"line":79,"column":6},"end":{"line":79,"column":18}},"47":{"start":{"line":80,"column":6},"end":{"line":80,"column":20}},"48":{"start":{"line":82,"column":6},"end":{"line":82,"column":48}},"49":{"start":{"line":86,"column":23},"end":{"line":90,"column":3}},"50":{"start":{"line":87,"column":4},"end":{"line":89,"column":5}},"51":{"start":{"line":88,"column":6},"end":{"line":88,"column":43}},"52":{"start":{"line":92,"column":28},"end":{"line":95,"column":3}},"53":{"start":{"line":93,"column":4},"end":{"line":93,"column":22}},"54":{"start":{"line":94,"column":4},"end":{"line":94,"column":18}},"55":{"start":{"line":97,"column":2},"end":{"line":103,"column":3}},"56":{"start":{"line":98,"column":4},"end":{"line":102,"column":6}},"57":{"start":{"line":105,"column":2},"end":{"line":197,"column":4}},"58":{"start":{"line":117,"column":29},"end":{"line":117,"column":58}},"59":{"start":{"line":145,"column":16},"end":{"line":153,"column":21}},"60":{"start":{"line":150,"column":91},"end":{"line":150,"column":113}},"61":{"start":{"line":151,"column":85},"end":{"line":151,"column":109}},"62":{"start":{"line":175,"column":94},"end":{"line":175,"column":117}},"63":{"start":{"line":179,"column":109},"end":{"line":179,"column":139}},"64":{"start":{"line":183,"column":106},"end":{"line":183,"column":135}}},"fnMap":{"0":{"name":"TrackNestPage","decl":{"start":{"line":4,"column":24},"end":{"line":4,"column":37}},"loc":{"start":{"line":4,"column":40},"end":{"line":198,"column":1}},"line":4},"1":{"name":"(anonymous_1)","decl":{"start":{"line":16,"column":22},"end":{"line":16,"column":23}},"loc":{"start":{"line":16,"column":44},"end":{"line":28,"column":3}},"line":16},"2":{"name":"(anonymous_2)","decl":{"start":{"line":30,"column":12},"end":{"line":30,"column":13}},"loc":{"start":{"line":30,"column":18},"end":{"line":32,"column":3}},"line":30},"3":{"name":"(anonymous_3)","decl":{"start":{"line":34,"column":20},"end":{"line":34,"column":21}},"loc":{"start":{"line":34,"column":26},"end":{"line":39,"column":3}},"line":34},"4":{"name":"(anonymous_4)","decl":{"start":{"line":41,"column":26},"end":{"line":41,"column":27}},"loc":{"start":{"line":41,"column":37},"end":{"line":48,"column":3}},"line":41},"5":{"name":"(anonymous_5)","decl":{"start":{"line":50,"column":28},"end":{"line":50,"column":29}},"loc":{"start":{"line":50,"column":45},"end":{"line":61,"column":3}},"line":50},"6":{"name":"(anonymous_6)","decl":{"start":{"line":63,"column":23},"end":{"line":63,"column":24}},"loc":{"start":{"line":63,"column":36},"end":{"line":84,"column":3}},"line":63},"7":{"name":"(anonymous_7)","decl":{"start":{"line":86,"column":23},"end":{"line":86,"column":24}},"loc":{"start":{"line":86,"column":29},"end":{"line":90,"column":3}},"line":86},"8":{"name":"(anonymous_8)","decl":{"start":{"line":92,"column":28},"end":{"line":92,"column":29}},"loc":{"start":{"line":92,"column":34},"end":{"line":95,"column":3}},"line":92},"9":{"name":"(anonymous_9)","decl":{"start":{"line":117,"column":22},"end":{"line":117,"column":23}},"loc":{"start":{"line":117,"column":29},"end":{"line":117,"column":58}},"line":117},"10":{"name":"(anonymous_10)","decl":{"start":{"line":144,"column":31},"end":{"line":144,"column":32}},"loc":{"start":{"line":145,"column":16},"end":{"line":153,"column":21}},"line":145},"11":{"name":"(anonymous_11)","decl":{"start":{"line":150,"column":85},"end":{"line":150,"column":86}},"loc":{"start":{"line":150,"column":91},"end":{"line":150,"column":113}},"line":150},"12":{"name":"(anonymous_12)","decl":{"start":{"line":151,"column":79},"end":{"line":151,"column":80}},"loc":{"start":{"line":151,"column":85},"end":{"line":151,"column":109}},"line":151},"13":{"name":"(anonymous_13)","decl":{"start":{"line":175,"column":87},"end":{"line":175,"column":88}},"loc":{"start":{"line":175,"column":94},"end":{"line":175,"column":117}},"line":175},"14":{"name":"(anonymous_14)","decl":{"start":{"line":179,"column":102},"end":{"line":179,"column":103}},"loc":{"start":{"line":179,"column":109},"end":{"line":179,"column":139}},"line":179},"15":{"name":"(anonymous_15)","decl":{"start":{"line":183,"column":99},"end":{"line":183,"column":100}},"loc":{"start":{"line":183,"column":106},"end":{"line":183,"column":135}},"line":183}},"branchMap":{"0":{"loc":{"start":{"line":16,"column":29},"end":{"line":16,"column":39}},"type":"default-arg","locations":[{"start":{"line":16,"column":37},"end":{"line":16,"column":39}}],"line":16},"1":{"loc":{"start":{"line":68,"column":6},"end":{"line":77,"column":7}},"type":"if","locations":[{"start":{"line":68,"column":6},"end":{"line":77,"column":7}},{"start":{"line":73,"column":13},"end":{"line":77,"column":7}}],"line":68},"2":{"loc":{"start":{"line":87,"column":4},"end":{"line":89,"column":5}},"type":"if","locations":[{"start":{"line":87,"column":4},"end":{"line":89,"column":5}},{"start":{},"end":{}}],"line":87},"3":{"loc":{"start":{"line":97,"column":2},"end":{"line":103,"column":3}},"type":"if","locations":[{"start":{"line":97,"column":2},"end":{"line":103,"column":3}},{"start":{},"end":{}}],"line":97},"4":{"loc":{"start":{"line":143,"column":13},"end":{"line":159,"column":13}},"type":"cond-expr","locations":[{"start":{"line":144,"column":14},"end":{"line":154,"column":16}},{"start":{"line":156,"column":14},"end":{"line":158,"column":19}}],"line":143},"5":{"loc":{"start":{"line":169,"column":43},"end":{"line":169,"column":90}},"type":"cond-expr","locations":[{"start":{"line":169,"column":64},"end":{"line":169,"column":76}},{"start":{"line":169,"column":79},"end":{"line":169,"column":90}}],"line":169}},"s":{"0":25,"1":24,"2":24,"3":24,"4":24,"5":24,"6":24,"7":24,"8":24,"9":12,"10":12,"11":12,"12":11,"13":1,"14":12,"15":24,"16":8,"17":24,"18":2,"19":2,"20":2,"21":2,"22":24,"23":1,"24":1,"25":1,"26":1,"27":1,"28":1,"29":24,"30":1,"31":1,"32":1,"33":1,"34":1,"35":0,"36":24,"37":1,"38":1,"39":1,"40":1,"41":1,"42":0,"43":0,"44":1,"45":1,"46":1,"47":1,"48":0,"49":24,"50":1,"51":1,"52":24,"53":1,"54":1,"55":24,"56":8,"57":16,"58":1,"59":28,"60":1,"61":1,"62":1,"63":1,"64":1},"f":{"0":25,"1":12,"2":8,"3":2,"4":1,"5":1,"6":1,"7":1,"8":1,"9":1,"10":28,"11":1,"12":1,"13":1,"14":1,"15":1},"b":{"0":[11],"1":[0,1],"2":[1,0],"3":[8,16],"4":[14,2],"5":[1,15]},"_coverageSchema":"1a1c01bbd47fc00a2c39e90264f33305004495a9","hash":"21039975d76f1414850a2c139c169ac24c51d13c"}
,"C:\\Users\\geeth\\Downloads\\frontend\\frontend\\src\\pages\\UserPage.jsx": {"path":"C:\\Users\\geeth\\Downloads\\frontend\\frontend\\src\\pages\\UserPage.jsx","statementMap":{"0":{"start":{"line":5,"column":28},"end":{"line":5,"column":40}},"1":{"start":{"line":6,"column":34},"end":{"line":6,"column":46}},"2":{"start":{"line":7,"column":34},"end":{"line":7,"column":46}},"3":{"start":{"line":8,"column":26},"end":{"line":8,"column":42}},"4":{"start":{"line":9,"column":36},"end":{"line":9,"column":50}},"5":{"start":{"line":10,"column":23},"end":{"line":10,"column":31}},"6":{"start":{"line":11,"column":31},"end":{"line":11,"column":43}},"7":{"start":{"line":13,"column":2},"end":{"line":28,"column":9}},"8":{"start":{"line":14,"column":20},"end":{"line":14,"column":49}},"9":{"start":{"line":15,"column":5},"end":{"line":25,"column":3}},"10":{"start":{"line":16,"column":4},"end":{"line":24,"column":5}},"11":{"start":{"line":17,"column":28},"end":{"line":17,"column":47}},"12":{"start":{"line":18,"column":29},"end":{"line":18,"column":60}},"13":{"start":{"line":19,"column":23},"end":{"line":19,"column":71}},"14":{"start":{"line":20,"column":7},"end":{"line":20,"column":24}},"15":{"start":{"line":21,"column":6},"end":{"line":21,"column":36}},"16":{"start":{"line":23,"column":6},"end":{"line":23,"column":50}},"17":{"start":{"line":27,"column":4},"end":{"line":27,"column":17}},"18":{"start":{"line":30,"column":21},"end":{"line":37,"column":3}},"19":{"start":{"line":31,"column":4},"end":{"line":36,"column":5}},"20":{"start":{"line":32,"column":18},"end":{"line":32,"column":143}},"21":{"start":{"line":33,"column":6},"end":{"line":33,"column":25}},"22":{"start":{"line":35,"column":6},"end":{"line":35,"column":50}},"23":{"start":{"line":39,"column":20},"end":{"line":44,"column":3}},"24":{"start":{"line":40,"column":4},"end":{"line":40,"column":20}},"25":{"start":{"line":41,"column":4},"end":{"line":41,"column":20}},"26":{"start":{"line":42,"column":4},"end":{"line":42,"column":20}},"27":{"start":{"line":43,"column":4},"end":{"line":43,"column":23}},"28":{"start":{"line":46,"column":23},"end":{"line":61,"column":3}},"29":{"start":{"line":47,"column":4},"end":{"line":47,"column":23}},"30":{"start":{"line":48,"column":17},"end":{"line":48,"column":45}},"31":{"start":{"line":49,"column":4},"end":{"line":60,"column":5}},"32":{"start":{"line":50,"column":6},"end":{"line":54,"column":7}},"33":{"start":{"line":51,"column":8},"end":{"line":51,"column":178}},"34":{"start":{"line":53,"column":8},"end":{"line":53,"column":141}},"35":{"start":{"line":55,"column":6},"end":{"line":55,"column":64}},"36":{"start":{"line":56,"column":6},"end":{"line":56,"column":18}},"37":{"start":{"line":57,"column":6},"end":{"line":57,"column":19}},"38":{"start":{"line":59,"column":6},"end":{"line":59,"column":47}},"39":{"start":{"line":63,"column":21},"end":{"line":70,"column":3}},"40":{"start":{"line":64,"column":17},"end":{"line":64,"column":29}},"41":{"start":{"line":65,"column":4},"end":{"line":65,"column":31}},"42":{"start":{"line":66,"column":4},"end":{"line":66,"column":20}},"43":{"start":{"line":67,"column":4},"end":{"line":67,"column":23}},"44":{"start":{"line":68,"column":4},"end":{"line":68,"column":24}},"45":{"start":{"line":69,"column":4},"end":{"line":69,"column":53}},"46":{"start":{"line":72,"column":23},"end":{"line":79,"column":3}},"47":{"start":{"line":73,"column":4},"end":{"line":78,"column":5}},"48":{"start":{"line":74,"column":6},"end":{"line":74,"column":147}},"49":{"start":{"line":75,"column":6},"end":{"line":75,"column":19}},"50":{"start":{"line":77,"column":6},"end":{"line":77,"column":49}},"51":{"start":{"line":81,"column":2},"end":{"line":186,"column":4}},"52":{"start":{"line":107,"column":16},"end":{"line":121,"column":21}},"53":{"start":{"line":112,"column":91},"end":{"line":112,"column":108}},"54":{"start":{"line":115,"column":85},"end":{"line":115,"column":112}},"55":{"start":{"line":148,"column":35},"end":{"line":148,"column":62}},"56":{"start":{"line":160,"column":35},"end":{"line":160,"column":62}},"57":{"start":{"line":170,"column":35},"end":{"line":170,"column":58}}},"fnMap":{"0":{"name":"UsersPage","decl":{"start":{"line":4,"column":24},"end":{"line":4,"column":33}},"loc":{"start":{"line":4,"column":36},"end":{"line":187,"column":1}},"line":4},"1":{"name":"(anonymous_1)","decl":{"start":{"line":13,"column":12},"end":{"line":13,"column":13}},"loc":{"start":{"line":13,"column":18},"end":{"line":28,"column":3}},"line":13},"2":{"name":"(anonymous_2)","decl":{"start":{"line":30,"column":21},"end":{"line":30,"column":22}},"loc":{"start":{"line":30,"column":33},"end":{"line":37,"column":3}},"line":30},"3":{"name":"(anonymous_3)","decl":{"start":{"line":39,"column":20},"end":{"line":39,"column":21}},"loc":{"start":{"line":39,"column":26},"end":{"line":44,"column":3}},"line":39},"4":{"name":"(anonymous_4)","decl":{"start":{"line":46,"column":23},"end":{"line":46,"column":24}},"loc":{"start":{"line":46,"column":36},"end":{"line":61,"column":3}},"line":46},"5":{"name":"(anonymous_5)","decl":{"start":{"line":63,"column":21},"end":{"line":63,"column":22}},"loc":{"start":{"line":63,"column":32},"end":{"line":70,"column":3}},"line":63},"6":{"name":"(anonymous_6)","decl":{"start":{"line":72,"column":23},"end":{"line":72,"column":24}},"loc":{"start":{"line":72,"column":43},"end":{"line":79,"column":3}},"line":72},"7":{"name":"(anonymous_7)","decl":{"start":{"line":106,"column":24},"end":{"line":106,"column":25}},"loc":{"start":{"line":107,"column":16},"end":{"line":121,"column":21}},"line":107},"8":{"name":"(anonymous_8)","decl":{"start":{"line":112,"column":85},"end":{"line":112,"column":86}},"loc":{"start":{"line":112,"column":91},"end":{"line":112,"column":108}},"line":112},"9":{"name":"(anonymous_9)","decl":{"start":{"line":115,"column":79},"end":{"line":115,"column":80}},"loc":{"start":{"line":115,"column":85},"end":{"line":115,"column":112}},"line":115},"10":{"name":"(anonymous_10)","decl":{"start":{"line":148,"column":28},"end":{"line":148,"column":29}},"loc":{"start":{"line":148,"column":35},"end":{"line":148,"column":62}},"line":148},"11":{"name":"(anonymous_11)","decl":{"start":{"line":160,"column":28},"end":{"line":160,"column":29}},"loc":{"start":{"line":160,"column":35},"end":{"line":160,"column":62}},"line":160},"12":{"name":"(anonymous_12)","decl":{"start":{"line":170,"column":28},"end":{"line":170,"column":29}},"loc":{"start":{"line":170,"column":35},"end":{"line":170,"column":58}},"line":170}},"branchMap":{"0":{"loc":{"start":{"line":15,"column":5},"end":{"line":25,"column":3}},"type":"if","locations":[{"start":{"line":15,"column":5},"end":{"line":25,"column":3}},{"start":{},"end":{}}],"line":15},"1":{"loc":{"start":{"line":19,"column":23},"end":{"line":19,"column":71}},"type":"binary-expr","locations":[{"start":{"line":19,"column":23},"end":{"line":19,"column":42}},{"start":{"line":19,"column":44},"end":{"line":19,"column":67}},{"start":{"line":19,"column":69},"end":{"line":19,"column":71}}],"line":19},"2":{"loc":{"start":{"line":50,"column":6},"end":{"line":54,"column":7}},"type":"if","locations":[{"start":{"line":50,"column":6},"end":{"line":54,"column":7}},{"start":{"line":52,"column":13},"end":{"line":54,"column":7}}],"line":50},"3":{"loc":{"start":{"line":105,"column":13},"end":{"line":127,"column":13}},"type":"cond-expr","locations":[{"start":{"line":106,"column":14},"end":{"line":122,"column":16}},{"start":{"line":124,"column":14},"end":{"line":126,"column":19}}],"line":105},"4":{"loc":{"start":{"line":110,"column":19},"end":{"line":118,"column":23}},"type":"binary-expr","locations":[{"start":{"line":110,"column":19},"end":{"line":110,"column":43}},{"start":{"line":111,"column":18},"end":{"line":118,"column":23}}],"line":110},"5":{"loc":{"start":{"line":120,"column":20},"end":{"line":120,"column":57}},"type":"binary-expr","locations":[{"start":{"line":120,"column":20},"end":{"line":120,"column":44}},{"start":{"line":120,"column":48},"end":{"line":120,"column":57}}],"line":120},"6":{"loc":{"start":{"line":137,"column":43},"end":{"line":137,"column":88}},"type":"cond-expr","locations":[{"start":{"line":137,"column":64},"end":{"line":137,"column":75}},{"start":{"line":137,"column":78},"end":{"line":137,"column":88}}],"line":137}},"s":{"0":17,"1":17,"2":17,"3":17,"4":17,"5":17,"6":17,"7":17,"8":5,"9":5,"10":0,"11":0,"12":0,"13":0,"14":0,"15":0,"16":0,"17":5,"18":17,"19":8,"20":8,"21":8,"22":0,"23":17,"24":4,"25":4,"26":4,"27":4,"28":17,"29":2,"30":2,"31":2,"32":2,"33":1,"34":1,"35":2,"36":2,"37":2,"38":0,"39":17,"40":1,"41":1,"42":1,"43":1,"44":1,"45":1,"46":17,"47":1,"48":1,"49":1,"50":0,"51":17,"52":18,"53":1,"54":1,"55":1,"56":2,"57":1},"f":{"0":17,"1":5,"2":8,"3":4,"4":2,"5":1,"6":1,"7":18,"8":1,"9":1,"10":1,"11":2,"12":1},"b":{"0":[0,5],"1":[0,0,0],"2":[1,1],"3":[9,8],"4":[18,18],"5":[18,0],"6":[2,15]},"_coverageSchema":"1a1c01bbd47fc00a2c39e90264f33305004495a9","hash":"e5436037b3decfa5423f56e8c80fda2752f04e61"}
}
