TN:
SF:src\components\Navbar.jsx
FN:4,Navbar
FN:19,(anonymous_1)
FNF:2
FNH:2
FNDA:5,Navbar
FNDA:1,(anonymous_1)
DA:5,5
DA:6,5
DA:7,5
DA:8,5
DA:9,4
DA:10,4
DA:11,4
DA:12,3
DA:13,3
DA:14,3
DA:16,1
DA:19,5
DA:20,1
DA:21,1
DA:24,5
LF:15
LH:15
BRDA:8,0,0,4
BRDA:8,0,1,1
BRDA:13,1,0,3
BRDA:13,1,1,3
BRDA:13,1,2,3
BRDA:28,2,0,5
BRDA:28,2,1,4
BRDA:36,3,0,4
BRDA:36,3,1,2
BRF:9
BRH:9
end_of_record
TN:
SF:src\pages\DashboardPage.jsx
FN:4,DashboardPage
FN:22,(anonymous_1)
FN:25,(anonymous_2)
FN:51,(anonymous_3)
FN:54,(anonymous_4)
FN:65,(anonymous_5)
FN:93,(anonymous_6)
FN:105,(anonymous_7)
FN:118,(anonymous_8)
FN:130,(anonymous_9)
FN:154,(anonymous_10)
FN:165,(anonymous_11)
FN:183,(anonymous_12)
FN:190,(anonymous_13)
FN:200,(anonymous_14)
FN:203,(anonymous_15)
FN:233,(anonymous_16)
FN:241,(anonymous_17)
FN:254,(anonymous_18)
FN:258,(anonymous_19)
FN:270,(anonymous_20)
FN:272,(anonymous_21)
FN:285,(anonymous_22)
FN:298,(anonymous_23)
FNF:24
FNH:21
FNDA:16,DashboardPage
FNDA:4,(anonymous_1)
FNDA:4,(anonymous_2)
FNDA:4,(anonymous_3)
FNDA:1,(anonymous_4)
FNDA:2,(anonymous_5)
FNDA:1,(anonymous_6)
FNDA:1,(anonymous_7)
FNDA:1,(anonymous_8)
FNDA:0,(anonymous_9)
FNDA:0,(anonymous_10)
FNDA:0,(anonymous_11)
FNDA:128,(anonymous_12)
FNDA:11,(anonymous_13)
FNDA:1,(anonymous_14)
FNDA:1,(anonymous_15)
FNDA:32,(anonymous_16)
FNDA:3,(anonymous_17)
FNDA:1,(anonymous_18)
FNDA:22,(anonymous_19)
FNDA:1,(anonymous_20)
FNDA:64,(anonymous_21)
FNDA:1,(anonymous_22)
FNDA:1,(anonymous_23)
DA:5,16
DA:6,16
DA:7,16
DA:8,16
DA:9,16
DA:10,16
DA:12,16
DA:13,16
DA:14,16
DA:15,16
DA:16,16
DA:17,16
DA:18,16
DA:20,16
DA:22,16
DA:23,4
DA:25,4
DA:26,4
DA:27,4
DA:28,4
DA:30,4
DA:39,4
DA:40,4
DA:41,4
DA:44,0
DA:46,4
DA:50,4
DA:51,4
DA:54,16
DA:55,1
DA:56,1
DA:57,1
DA:58,1
DA:59,1
DA:60,1
DA:61,1
DA:62,1
DA:65,16
DA:66,2
DA:67,2
DA:68,2
DA:77,2
DA:78,2
DA:80,2
DA:81,1
DA:83,1
DA:85,2
DA:86,0
DA:87,0
DA:89,2
DA:93,16
DA:94,1
DA:95,1
DA:96,1
DA:99,1
DA:101,1
DA:105,16
DA:106,1
DA:107,1
DA:108,1
DA:109,1
DA:110,1
DA:111,1
DA:112,1
DA:113,1
DA:114,1
DA:115,1
DA:118,16
DA:119,1
DA:120,1
DA:121,1
DA:124,1
DA:126,0
DA:130,16
DA:131,0
DA:132,0
DA:133,0
DA:134,0
DA:138,0
DA:140,0
DA:142,0
DA:143,0
DA:147,16
DA:154,0
DA:165,0
DA:184,128
DA:191,11
DA:200,1
DA:203,1
DA:234,32
DA:241,3
DA:254,1
DA:259,22
DA:270,1
DA:273,64
DA:285,1
DA:298,1
LF:97
LH:83
BRDA:28,0,0,0
BRDA:28,0,1,4
BRDA:39,1,0,4
BRDA:39,1,1,0
BRDA:46,2,0,4
BRDA:46,2,1,0
BRDA:80,3,0,1
BRDA:80,3,1,1
BRDA:113,4,0,1
BRDA:113,4,1,0
BRDA:131,5,0,0
BRDA:131,5,1,0
BRDA:131,6,0,0
BRDA:131,6,1,0
BRDA:169,7,0,16
BRDA:169,7,1,0
BRDA:189,8,0,11
BRDA:189,8,1,5
BRDA:196,9,0,11
BRDA:196,9,1,0
BRDA:198,10,0,11
BRDA:198,10,1,0
BRDA:226,11,0,2
BRDA:226,11,1,14
BRF:24
BRH:13
end_of_record
TN:
SF:src\pages\LoginPage.jsx
FN:5,LoginPage
FN:11,(anonymous_1)
FN:43,(anonymous_2)
FN:56,(anonymous_3)
FNF:4
FNH:4
FNDA:10,LoginPage
FNDA:2,(anonymous_1)
FNDA:2,(anonymous_2)
FNDA:2,(anonymous_3)
DA:6,10
DA:7,10
DA:8,10
DA:9,10
DA:11,10
DA:12,2
DA:13,2
DA:14,2
DA:15,2
DA:16,1
DA:17,1
DA:19,1
DA:23,10
DA:43,2
DA:56,2
LF:15
LH:15
BRDA:28,0,0,10
BRDA:28,0,1,1
BRF:2
BRH:2
end_of_record
TN:
SF:src\pages\TrackNestPage.jsx
FN:4,TrackNestPage
FN:16,(anonymous_1)
FN:30,(anonymous_2)
FN:34,(anonymous_3)
FN:41,(anonymous_4)
FN:50,(anonymous_5)
FN:63,(anonymous_6)
FN:86,(anonymous_7)
FN:92,(anonymous_8)
FN:117,(anonymous_9)
FN:144,(anonymous_10)
FN:150,(anonymous_11)
FN:151,(anonymous_12)
FN:175,(anonymous_13)
FN:179,(anonymous_14)
FN:183,(anonymous_15)
FNF:16
FNH:16
FNDA:25,TrackNestPage
FNDA:12,(anonymous_1)
FNDA:8,(anonymous_2)
FNDA:2,(anonymous_3)
FNDA:1,(anonymous_4)
FNDA:1,(anonymous_5)
FNDA:1,(anonymous_6)
FNDA:1,(anonymous_7)
FNDA:1,(anonymous_8)
FNDA:1,(anonymous_9)
FNDA:28,(anonymous_10)
FNDA:1,(anonymous_11)
FNDA:1,(anonymous_12)
FNDA:1,(anonymous_13)
FNDA:1,(anonymous_14)
FNDA:1,(anonymous_15)
DA:5,25
DA:6,24
DA:7,24
DA:8,24
DA:10,24
DA:11,24
DA:12,24
DA:14,24
DA:16,24
DA:17,12
DA:18,12
DA:19,12
DA:22,11
DA:24,1
DA:26,12
DA:30,24
DA:31,8
DA:34,24
DA:35,2
DA:36,2
DA:37,2
DA:38,2
DA:41,24
DA:42,1
DA:43,1
DA:44,1
DA:45,1
DA:46,1
DA:47,1
DA:50,24
DA:51,1
DA:52,1
DA:53,1
DA:54,1
DA:57,1
DA:59,0
DA:63,24
DA:64,1
DA:65,1
DA:66,1
DA:67,1
DA:68,1
DA:69,0
DA:70,0
DA:74,1
DA:78,1
DA:79,1
DA:80,1
DA:82,0
DA:86,24
DA:87,1
DA:88,1
DA:92,24
DA:93,1
DA:94,1
DA:97,24
DA:98,8
DA:105,16
DA:117,1
DA:145,28
DA:150,1
DA:151,1
DA:175,1
DA:179,1
DA:183,1
LF:65
LH:61
BRDA:16,0,0,11
BRDA:68,1,0,0
BRDA:68,1,1,1
BRDA:87,2,0,1
BRDA:87,2,1,0
BRDA:97,3,0,8
BRDA:97,3,1,16
BRDA:143,4,0,14
BRDA:143,4,1,2
BRDA:169,5,0,1
BRDA:169,5,1,15
BRF:11
BRH:9
end_of_record
TN:
SF:src\pages\UserPage.jsx
FN:4,UsersPage
FN:13,(anonymous_1)
FN:30,(anonymous_2)
FN:39,(anonymous_3)
FN:46,(anonymous_4)
FN:63,(anonymous_5)
FN:72,(anonymous_6)
FN:106,(anonymous_7)
FN:112,(anonymous_8)
FN:115,(anonymous_9)
FN:148,(anonymous_10)
FN:160,(anonymous_11)
FN:170,(anonymous_12)
FNF:13
FNH:13
FNDA:17,UsersPage
FNDA:5,(anonymous_1)
FNDA:8,(anonymous_2)
FNDA:4,(anonymous_3)
FNDA:2,(anonymous_4)
FNDA:1,(anonymous_5)
FNDA:1,(anonymous_6)
FNDA:18,(anonymous_7)
FNDA:1,(anonymous_8)
FNDA:1,(anonymous_9)
FNDA:1,(anonymous_10)
FNDA:2,(anonymous_11)
FNDA:1,(anonymous_12)
DA:5,17
DA:6,17
DA:7,17
DA:8,17
DA:9,17
DA:10,17
DA:11,17
DA:13,17
DA:14,5
DA:15,5
DA:16,0
DA:17,0
DA:18,0
DA:19,0
DA:20,0
DA:21,0
DA:23,0
DA:27,5
DA:30,17
DA:31,8
DA:32,8
DA:33,8
DA:35,0
DA:39,17
DA:40,4
DA:41,4
DA:42,4
DA:43,4
DA:46,17
DA:47,2
DA:48,2
DA:49,2
DA:50,2
DA:51,1
DA:53,1
DA:55,2
DA:56,2
DA:57,2
DA:59,0
DA:63,17
DA:64,1
DA:65,1
DA:66,1
DA:67,1
DA:68,1
DA:69,1
DA:72,17
DA:73,1
DA:74,1
DA:75,1
DA:77,0
DA:81,17
DA:107,18
DA:112,1
DA:115,1
DA:148,1
DA:160,2
DA:170,1
LF:58
LH:48
BRDA:15,0,0,0
BRDA:15,0,1,5
BRDA:19,1,0,0
BRDA:19,1,1,0
BRDA:19,1,2,0
BRDA:50,2,0,1
BRDA:50,2,1,1
BRDA:105,3,0,9
BRDA:105,3,1,8
BRDA:110,4,0,18
BRDA:110,4,1,18
BRDA:120,5,0,18
BRDA:120,5,1,0
BRDA:137,6,0,2
BRDA:137,6,1,15
BRF:15
BRH:10
end_of_record
